  2487 ktrace   RET   ktrace 0
  2487 ktrace   CALL  execve(0x7fffffffe580,0x7fffffffeb40,0x7fffffffeb50)
  2487 ktrace   RET   execve -1 errno 2 No such file or directory
  2487 ktrace   CALL  execve(0x7fffffffe580,0x7fffffffeb40,0x7fffffffeb50)
  2487 ls       RET   execve 0
  2487 ls       CALL  mmap(0,0x8000,0x3<PROT_READ|PROT_WRITE>,0x1002<MAP_PRIVATE|MAP_ANON>,0xffffffff,0)
  2487 ls       RET   mmap 34366185472/0x800626000
  2487 ls       CALL  issetugid
  2487 ls       RET   issetugid 0
  2487 ls       CALL  lstat(0x80062a000,0x7fffffffd768)
  2487 ls       RET   lstat 0
  2487 ls       CALL  lstat(0x80062a000,0x7fffffffd768)
  2487 ls       RET   lstat 0
  2487 ls       CALL  openat(AT_FDCWD,0x80062a000,0x100000<O_CLOEXEC>,<unused>0)
  2487 ls       RET   openat 3
  2487 ls       CALL  fstat(0x3,0x7fffffffe428)
  2487 ls       RET   fstat 0
  2487 ls       CALL  mmap(0,0x2f,0x1<PROT_READ>,0x2<MAP_PRIVATE>,0x3,0)
  2487 ls       RET   mmap 34366218240/0x80062e000
  2487 ls       CALL  close(0x3)
  2487 ls       RET   close 0
  2487 ls       CALL  lstat(0x80062a800,0x7fffffffcaf8)
  2487 ls       RET   lstat 0
  2487 ls       CALL  lstat(0x80062a800,0x7fffffffcaf8)
  2487 ls       RET   lstat 0
  2487 ls       CALL  lstat(0x80062a800,0x7fffffffcaf8)
  2487 ls       RET   lstat 0
  2487 ls       CALL  lstat(0x80062a800,0x7fffffffcaf8)
  2487 ls       RET   lstat -1 errno 2 No such file or directory
  2487 ls       CALL  munmap(0x80062e000,0x2f)
  2487 ls       RET   munmap 0
  2487 ls       CALL  openat(AT_FDCWD,0x80061fc49,0x100000<O_CLOEXEC>,<unused>0)
  2487 ls       RET   openat 3
  2487 ls       CALL  read(0x3,0x8008275e8,0x80)
  2487 ls       RET   read 128/0x80
  2487 ls       CALL  fstat(0x3,0x7fffffffdcd0)
  2487 ls       RET   fstat 0
  2487 ls       CALL  lseek(0x3,0x80,SEEK_SET)
  2487 ls       RET   lseek 128/0x80
  2487 ls       CALL  read(0x3,0x80062b000,0x5b)
  2487 ls       RET   read 91/0x5b
  2487 ls       CALL  close(0x3)
  2487 ls       RET   close 0
  2487 ls       CALL  access(0x80062a800,0<F_OK>)
  2487 ls       RET   access 0
  2487 ls       CALL  openat(AT_FDCWD,0x8006270c0,0x300000<O_CLOEXEC|O_VERIFY>,<unused>0)
  2487 ls       RET   openat 3
  2487 ls       CALL  fstat(0x3,0x7fffffffde28)
  2487 ls       RET   fstat 0
  2487 ls       CALL  mmap(0,0x1000,0x1<PROT_READ>,0x40002<MAP_PRIVATE|MAP_PREFAULT_READ>,0x3,0)
  2487 ls       RET   mmap 34366218240/0x80062e000
  2487 ls       CALL  mmap(0,0x21b000,0<PROT_NONE>,0x21002<MAP_PRIVATE|MAP_ANON|MAP_NOCORE>,0xffffffff,0)
  2487 ls       RET   mmap 34368290816/0x800828000
  2487 ls       CALL  mmap(0x800828000,0x1a000,0x5<PROT_READ|PROT_EXEC>,0x60012<MAP_PRIVATE|MAP_FIXED|MAP_NOCORE|MAP_PREFAULT_READ>,0x3,0)
  2487 ls       RET   mmap 34368290816/0x800828000
  2487 ls       CALL  mmap(0x800a42000,0x1000,0x3<PROT_READ|PROT_WRITE>,0x40012<MAP_PRIVATE|MAP_FIXED|MAP_PREFAULT_READ>,0x3,0x1a000)
  2487 ls       RET   mmap 34370494464/0x800a42000
  2487 ls       CALL  munmap(0x80062e000,0x1000)
  2487 ls       RET   munmap 0
  2487 ls       CALL  close(0x3)
  2487 ls       RET   close 0
  2487 ls       CALL  access(0x80062a800,0<F_OK>)
  2487 ls       RET   access 0
  2487 ls       CALL  openat(AT_FDCWD,0x800627120,0x300000<O_CLOEXEC|O_VERIFY>,<unused>0)
  2487 ls       RET   openat 3
  2487 ls       CALL  fstat(0x3,0x7fffffffde28)
  2487 ls       RET   fstat 0
  2487 ls       CALL  mmap(0,0x1000,0x1<PROT_READ>,0x40002<MAP_PRIVATE|MAP_PREFAULT_READ>,0x3,0)
  2487 ls       RET   mmap 34366218240/0x80062e000
  2487 ls       CALL  mmap(0,0x213000,0<PROT_NONE>,0x21002<MAP_PRIVATE|MAP_ANON|MAP_NOCORE>,0xffffffff,0)
  2487 ls       RET   mmap 34370498560/0x800a43000
  2487 ls       CALL  mmap(0x800a43000,0x11000,0x5<PROT_READ|PROT_EXEC>,0x60012<MAP_PRIVATE|MAP_FIXED|MAP_NOCORE|MAP_PREFAULT_READ>,0x3,0)
  2487 ls       RET   mmap 34370498560/0x800a43000
  2487 ls       CALL  mmap(0x800c53000,0x2000,0x3<PROT_READ|PROT_WRITE>,0x40012<MAP_PRIVATE|MAP_FIXED|MAP_PREFAULT_READ>,0x3,0x10000)
  2487 ls       RET   mmap 34372661248/0x800c53000
  2487 ls       CALL  mmap(0x800c55000,0x1000,0x3<PROT_READ|PROT_WRITE>,0x1012<MAP_PRIVATE|MAP_FIXED|MAP_ANON>,0xffffffff,0)
  2487 ls       RET   mmap 34372669440/0x800c55000
  2487 ls       CALL  munmap(0x80062e000,0x1000)
  2487 ls       RET   munmap 0
  2487 ls       CALL  close(0x3)
  2487 ls       RET   close 0
  2487 ls       CALL  access(0x80062a800,0<F_OK>)
  2487 ls       RET   access 0
  2487 ls       CALL  openat(AT_FDCWD,0x800627160,0x300000<O_CLOEXEC|O_VERIFY>,<unused>0)
  2487 ls       RET   openat 3
  2487 ls       CALL  fstat(0x3,0x7fffffffde28)
  2487 ls       RET   fstat 0
  2487 ls       CALL  mmap(0,0x1000,0x1<PROT_READ>,0x40002<MAP_PRIVATE|MAP_PREFAULT_READ>,0x3,0)
  2487 ls       RET   mmap 34366218240/0x80062e000
  2487 ls       CALL  mmap(0,0x25c000,0<PROT_NONE>,0x21002<MAP_PRIVATE|MAP_ANON|MAP_NOCORE>,0xffffffff,0)
  2487 ls       RET   mmap 34372673536/0x800c56000
  2487 ls       CALL  mmap(0x800c56000,0x57000,0x5<PROT_READ|PROT_EXEC>,0x60012<MAP_PRIVATE|MAP_FIXED|MAP_NOCORE|MAP_PREFAULT_READ>,0x3,0)
  2487 ls       RET   mmap 34372673536/0x800c56000
  2487 ls       CALL  mmap(0x800eac000,0x5000,0x3<PROT_READ|PROT_WRITE>,0x40012<MAP_PRIVATE|MAP_FIXED|MAP_PREFAULT_READ>,0x3,0x56000)
  2487 ls       RET   mmap 34375122944/0x800eac000
  2487 ls       CALL  mmap(0x800eb1000,0x1000,0x3<PROT_READ|PROT_WRITE>,0x1012<MAP_PRIVATE|MAP_FIXED|MAP_ANON>,0xffffffff,0)
  2487 ls       RET   mmap 34375143424/0x800eb1000
  2487 ls       CALL  munmap(0x80062e000,0x1000)
  2487 ls       RET   munmap 0
  2487 ls       CALL  close(0x3)
  2487 ls       RET   close 0
  2487 ls       CALL  access(0x80062a800,0<F_OK>)
  2487 ls       RET   access 0
  2487 ls       CALL  openat(AT_FDCWD,0x8006271a0,0x300000<O_CLOEXEC|O_VERIFY>,<unused>0)
  2487 ls       RET   openat 3
  2487 ls       CALL  fstat(0x3,0x7fffffffde28)
  2487 ls       RET   fstat 0
  2487 ls       CALL  mmap(0,0x1000,0x1<PROT_READ>,0x40002<MAP_PRIVATE|MAP_PREFAULT_READ>,0x3,0)
  2487 ls       RET   mmap 34366218240/0x80062e000
  2487 ls       CALL  mmap(0,0x3b4000,0<PROT_NONE>,0x21002<MAP_PRIVATE|MAP_ANON|MAP_NOCORE>,0xffffffff,0)
  2487 ls       RET   mmap 34375147520/0x800eb2000
  2487 ls       CALL  mmap(0x800eb2000,0x18e000,0x5<PROT_READ|PROT_EXEC>,0x60012<MAP_PRIVATE|MAP_FIXED|MAP_NOCORE|MAP_PREFAULT_READ>,0x3,0)
  2487 ls       RET   mmap 34375147520/0x800eb2000
  2487 ls       CALL  mmap(0x801240000,0xc000,0x3<PROT_READ|PROT_WRITE>,0x40012<MAP_PRIVATE|MAP_FIXED|MAP_PREFAULT_READ>,0x3,0x18e000)
  2487 ls       RET   mmap 34378874880/0x801240000
  2487 ls       CALL  mmap(0x80124c000,0x1a000,0x3<PROT_READ|PROT_WRITE>,0x1012<MAP_PRIVATE|MAP_FIXED|MAP_ANON>,0xffffffff,0)
  2487 ls       RET   mmap 34378924032/0x80124c000
  2487 ls       CALL  munmap(0x80062e000,0x1000)
  2487 ls       RET   munmap 0
  2487 ls       CALL  close(0x3)
  2487 ls       RET   close 0
  2487 ls       CALL  mmap(0,0xa000,0x3<PROT_READ|PROT_WRITE>,0x1002<MAP_PRIVATE|MAP_ANON>,0xffffffff,0)
  2487 ls       RET   mmap 34366218240/0x80062e000
  2487 ls       CALL  munmap(0x800634000,0x4000)
  2487 ls       RET   munmap 0
  2487 ls       CALL  mmap(0,0x19000,0x3<PROT_READ|PROT_WRITE>,0x1002<MAP_PRIVATE|MAP_ANON>,0xffffffff,0)
  2487 ls       RET   mmap 34366242816/0x800634000
  2487 ls       CALL  sysarch(0x81,0x7fffffffe4c8)
  2487 ls       RET   sysarch 0
  2487 ls       CALL  sigprocmask(SIG_BLOCK,0x8008276f8,0x7fffffffe490)
  2487 ls       RET   sigprocmask 0
  2487 ls       CALL  sigprocmask(SIG_SETMASK,0x800827708,0)
  2487 ls       RET   sigprocmask 0
  2487 ls       CALL  readlink(0x8010128d8,0x7fffffffdbc0,0x400)
  2487 ls       RET   readlink -1 errno 2 No such file or directory
  2487 ls       CALL  issetugid
  2487 ls       RET   issetugid 0
  2487 ls       CALL  __sysctl(0x7fffffffda30,0x2,0x7fffffffda80,0x7fffffffda78,0x801011397,0xd)
  2487 ls       RET   __sysctl 0
  2487 ls       CALL  __sysctl(0x7fffffffda80,0x2,0x7fffffffdb44,0x7fffffffdb38,0,0)
  2487 ls       RET   __sysctl 0
  2487 ls       CALL  mmap(0,0x200000,0x3<PROT_READ|PROT_WRITE>,0x1002<MAP_PRIVATE|MAP_ANON>,0xffffffff,0)
  2487 ls       RET   mmap 34379030528/0x801266000
  2487 ls       CALL  munmap(0x801266000,0x200000)
  2487 ls       RET   munmap 0
  2487 ls       CALL  mmap(0,0x3ff000,0x3<PROT_READ|PROT_WRITE>,0x1002<MAP_PRIVATE|MAP_ANON>,0xffffffff,0)
  2487 ls       RET   mmap 34379030528/0x801266000
  2487 ls       CALL  munmap(0x801266000,0x19a000)
  2487 ls       RET   munmap 0
  2487 ls       CALL  munmap(0x801600000,0x65000)
  2487 ls       RET   munmap 0
  2487 ls       CALL  sigprocmask(SIG_BLOCK,0x8008276f8,0x7fffffffe010)
  2487 ls       RET   sigprocmask 0
  2487 ls       CALL  sigprocmask(SIG_SETMASK,0x800827708,0)
  2487 ls       RET   sigprocmask 0
  2487 ls       CALL  sigprocmask(SIG_BLOCK,0x8008276f8,0x7fffffffe010)
  2487 ls       RET   sigprocmask 0
  2487 ls       CALL  sigprocmask(SIG_SETMASK,0x800827708,0)
  2487 ls       RET   sigprocmask 0
  2487 ls       CALL  sigprocmask(SIG_BLOCK,0x8008276f8,0x7fffffffe010)
  2487 ls       RET   sigprocmask 0
  2487 ls       CALL  sigprocmask(SIG_SETMASK,0x800827708,0)
  2487 ls       RET   sigprocmask 0
  2487 ls       CALL  sigprocmask(SIG_BLOCK,0x8008276f8,0x7fffffffe010)
  2487 ls       RET   sigprocmask 0
  2487 ls       CALL  sigprocmask(SIG_SETMASK,0x800827708,0)
  2487 ls       RET   sigprocmask 0
  2487 ls       CALL  sigprocmask(SIG_BLOCK,0x8008276f8,0x7fffffffe010)
  2487 ls       RET   sigprocmask 0
  2487 ls       CALL  sigprocmask(SIG_SETMASK,0x800827708,0)
  2487 ls       RET   sigprocmask 0
  2487 ls       CALL  ioctl(0x1,TIOCGETA,0x7fffffffe450)
  2487 ls       RET   ioctl 0
  2487 ls       CALL  ioctl(0x1,TIOCGWINSZ,0x7fffffffe4b8)
  2487 ls       RET   ioctl 0
  2487 ls       CALL  ioctl(0x1,TIOCGETA,0x7fffffffe400)
  2487 ls       RET   ioctl 0
  2487 ls       CALL  mmap(0,0x200000,0x3<PROT_READ|PROT_WRITE>,0x1002<MAP_PRIVATE|MAP_ANON>,0xffffffff,0)
  2487 ls       RET   mmap 34382807040/0x801600000
  2487 ls       CALL  getuid
  2487 ls       RET   getuid 8313/0x2079
  2487 ls       CALL  ioctl(0x1,TIOCGETA,0x7fffffffe450)
  2487 ls       RET   ioctl 0
  2487 ls       CALL  ioctl(0x1,TIOCGETA,0x7fffffffdf90)
  2487 ls       RET   ioctl 0
  2487 ls       CALL  issetugid
  2487 ls       RET   issetugid 0
  2487 ls       CALL  open(0x7fffffffd8d0,0x100000<O_CLOEXEC>,<unused>0)
  2487 ls       RET   open -1 errno 2 No such file or directory
  2487 ls       CALL  open(0x7fffffffdb70,0x100000<O_CLOEXEC>,<unused>0)
  2487 ls       RET   open -1 errno 2 No such file or directory
  2487 ls       CALL  open(0x7fffffffd8d0,0x100000<O_CLOEXEC>,<unused>0)
  2487 ls       RET   open 3
  2487 ls       CALL  fstat(0x3,0x7fffffffd330)
  2487 ls       RET   fstat 0
  2487 ls       CALL  read(0x3,0x80163f000,0x104)
  2487 ls       RET   read 260/0x104
  2487 ls       CALL  pread(0x3,0x801650000,0x1000,0xbe000)
  2487 ls       RET   pread 4096/0x1000
  2487 ls       CALL  pread(0x3,0x801651000,0x1000,0x38000)
  2487 ls       RET   pread 4096/0x1000
  2487 ls       CALL  pread(0x3,0x801652000,0x1000,0xb0000)
  2487 ls       RET   pread 4096/0x1000
  2487 ls       CALL  close(0x3)
  2487 ls       RET   close 0
  2487 ls       CALL  ioctl(0x1,TIOCGETA,0x7fffffffdf90)
  2487 ls       RET   ioctl 0
  2487 ls       CALL  ioctl(0x1,TIOCGETA,0x7fffffffdf30)
  2487 ls       RET   ioctl 0
  2487 ls       CALL  ioctl(0x1,TIOCGWINSZ,0x7fffffffdf98)
  2487 ls       RET   ioctl 0
  2487 ls       CALL  sigaction(SIGINT,0x7fffffffe458,0x7fffffffe438)
  2487 ls       RET   sigaction 0
  2487 ls       CALL  sigaction(SIGQUIT,0x7fffffffe458,0x7fffffffe438)
  2487 ls       RET   sigaction 0
  2487 ls       CALL  fstatat(AT_FDCWD,0x801675248,0x8016751d0,0x200)
  2487 ls       RET   fstatat 0
  2487 ls       CALL  open(0x801016bbd,0x100000<O_CLOEXEC>,<unused>0)
  2487 ls       RET   open 3
  2487 ls       CALL  fchdir(0x3)
  2487 ls       RET   fchdir 0
  2487 ls       CALL  open(0x801016bbd,0x100000<O_CLOEXEC>,<unused>0)
  2487 ls       RET   open 4
  2487 ls       CALL  open(0x80165a500,0x120004<O_NONBLOCK|O_DIRECTORY|O_CLOEXEC>,<unused>0)
  2487 ls       RET   open 5
  2487 ls       CALL  fstatfs(0x5,0x7fffffffe118)
  2487 ls       RET   fstatfs 0
  2487 ls       CALL  fstat(0x5,0x7fffffffe2a8)
  2487 ls       RET   fstat 0
  2487 ls       CALL  fchdir(0x5)
  2487 ls       RET   fchdir 0
  2487 ls       CALL  getdirentries(0x5,0x801650000,0x1000,0x80167a028)
  2487 ls       RET   getdirentries 4096/0x1000
  2487 ls       CALL  fstatat(AT_FDCWD,0x801675388,0x801675310,0x200)
  2487 ls       RET   fstatat 0
  2487 ls       CALL  fstatat(AT_FDCWD,0x8016754c8,0x801675450,0x200)
  2487 ls       RET   fstatat 0
  2487 ls       CALL  fstatat(AT_FDCWD,0x801675608,0x801675590,0x200)
  2487 ls       RET   fstatat 0
  2487 ls       CALL  fstatat(AT_FDCWD,0x801675748,0x8016756d0,0x200)
  2487 ls       RET   fstatat 0
  2487 ls       CALL  fstatat(AT_FDCWD,0x801675888,0x801675810,0x200)
  2487 ls       RET   fstatat 0
  2487 ls       CALL  fstatat(AT_FDCWD,0x8016759c8,0x801675950,0x200)
  2487 ls       RET   fstatat 0
  2487 ls       CALL  fstatat(AT_FDCWD,0x801675b08,0x801675a90,0x200)
  2487 ls       RET   fstatat 0
  2487 ls       CALL  fstatat(AT_FDCWD,0x801675c48,0x801675bd0,0x200)
  2487 ls       RET   fstatat 0
  2487 ls       CALL  fstatat(AT_FDCWD,0x801675d88,0x801675d10,0x200)
  2487 ls       RET   fstatat 0
  2487 ls       CALL  fstatat(AT_FDCWD,0x801675ec8,0x801675e50,0x200)
  2487 ls       RET   fstatat 0
  2487 ls       CALL  fstatat(AT_FDCWD,0x801676008,0x801675f90,0x200)
  2487 ls       RET   fstatat 0
  2487 ls       CALL  fstatat(AT_FDCWD,0x801676148,0x8016760d0,0x200)
  2487 ls       RET   fstatat 0
  2487 ls       CALL  fstatat(AT_FDCWD,0x801676288,0x801676210,0x200)
  2487 ls       RET   fstatat 0
  2487 ls       CALL  getdirentries(0x5,0x801650000,0x1000,0x80167a028)
  2487 ls       RET   getdirentries 4096/0x1000
  2487 ls       CALL  getdirentries(0x5,0x801650000,0x1000,0x80167a028)
  2487 ls       RET   getdirentries 0
  2487 ls       CALL  close(0x5)
  2487 ls       RET   close 0
  2487 ls       CALL  fchdir(0x3)
  2487 ls       RET   fchdir 0
  2487 ls       CALL  fchdir(0x4)
  2487 ls       RET   fchdir 0
  2487 ls       CALL  close(0x4)
  2487 ls       RET   close 0
  2487 ls       CALL  fstat(0x1,0x7fffffffd0e8)
  2487 ls       RET   fstat 0
  2487 ls       CALL  ioctl(0x1,TIOCGETA,0x7fffffffd090)
  2487 ls       RET   ioctl 0
  2487 ls       CALL  write(0x1,0x801650000,0xa7)
  2487 ls       RET   write 167/0xa7
  2487 ls       CALL  write(0x1,0x801650000,0xa9)
  2487 ls       RET   write 169/0xa9
  2487 ls       CALL  sigprocmask(SIG_BLOCK,0x8008276f8,0x7fffffffe2f0)
  2487 ls       RET   sigprocmask 0
  2487 ls       CALL  sigprocmask(SIG_SETMASK,0x800827708,0)
  2487 ls       RET   sigprocmask 0
  2487 ls       CALL  sigprocmask(SIG_BLOCK,0x8008276f8,0x7fffffffde60)
  2487 ls       RET   sigprocmask 0
  2487 ls       CALL  sigprocmask(SIG_SETMASK,0x800827708,0)
  2487 ls       RET   sigprocmask 0
  2487 ls       CALL  sigprocmask(SIG_BLOCK,0x8008276f8,0x7fffffffde60)
  2487 ls       RET   sigprocmask 0
  2487 ls       CALL  sigprocmask(SIG_SETMASK,0x800827708,0)
  2487 ls       RET   sigprocmask 0
  2487 ls       CALL  sigprocmask(SIG_BLOCK,0x8008276f8,0x7fffffffde60)
  2487 ls       RET   sigprocmask 0
  2487 ls       CALL  sigprocmask(SIG_SETMASK,0x800827708,0)
  2487 ls       RET   sigprocmask 0
  2487 ls       CALL  sigprocmask(SIG_BLOCK,0x8008276f8,0x7fffffffde60)
  2487 ls       RET   sigprocmask 0
  2487 ls       CALL  sigprocmask(SIG_SETMASK,0x800827708,0)
  2487 ls       RET   sigprocmask 0
  2487 ls       CALL  sigprocmask(SIG_BLOCK,0x8008276f8,0x7fffffffde60)
  2487 ls       RET   sigprocmask 0
  2487 ls       CALL  sigprocmask(SIG_SETMASK,0x800827708,0)
  2487 ls       RET   sigprocmask 0
  2487 ls       CALL  exit(0)
