  2512 ktrace   RET   ktrace 0
  2512 ktrace   CALL  execve(0x7fffffffe560,0x7fffffffeb20,0x7fffffffeb38)
  2512 ktrace   RET   execve -1 errno 2 No such file or directory
  2512 ktrace   CALL  execve(0x7fffffffe560,0x7fffffffeb20,0x7fffffffeb38)
  2512 ktrace   RET   execve -1 errno 2 No such file or directory
  2512 ktrace   CALL  execve(0x7fffffffe560,0x7fffffffeb20,0x7fffffffeb38)
  2512 ktrace   RET   execve -1 errno 2 No such file or directory
  2512 ktrace   CALL  execve(0x7fffffffe560,0x7fffffffeb20,0x7fffffffeb38)
  2512 ktrace   RET   execve -1 errno 2 No such file or directory
  2512 ktrace   CALL  execve(0x7fffffffe560,0x7fffffffeb20,0x7fffffffeb38)
  2512 ktrace   RET   execve -1 errno 2 No such file or directory
  2512 ktrace   CALL  execve(0x7fffffffe560,0x7fffffffeb20,0x7fffffffeb38)
  2512 wget     RET   execve 0
  2512 wget     CALL  mmap(0,0x8000,0x3<PROT_READ|PROT_WRITE>,0x1002<MAP_PRIVATE|MAP_ANON>,0xffffffff,0)
  2512 wget     RET   mmap 34366676992/0x80069e000
  2512 wget     CALL  issetugid
  2512 wget     RET   issetugid 0
  2512 wget     CALL  __sysctl(0x7fffffffe418,0x2,0x80089f0bc,0x7fffffffe410,0,0)
  2512 wget     RET   __sysctl 0
  2512 wget     CALL  __sysctl(0x7fffffffe418,0x2,0x80089f1bc,0x7fffffffe410,0,0)
  2512 wget     RET   __sysctl 0
  2512 wget     CALL  __sysctl(0x7fffffffe418,0x2,0x80089f2bc,0x7fffffffe410,0,0)
  2512 wget     RET   __sysctl 0
  2512 wget     CALL  __sysctl(0x7fffffffe418,0x2,0x80089f3bc,0x7fffffffe410,0,0)
  2512 wget     RET   __sysctl 0
  2512 wget     CALL  __sysctl(0x7fffffffe418,0x2,0x80089f4bc,0x7fffffffe410,0,0)
  2512 wget     RET   __sysctl 0
  2512 wget     CALL  lstat(0x8006a2000,0x7fffffffd738)
  2512 wget     RET   lstat 0
  2512 wget     CALL  lstat(0x8006a2000,0x7fffffffd738)
  2512 wget     RET   lstat 0
  2512 wget     CALL  openat(AT_FDCWD,0x8006a2000,0x100000<O_CLOEXEC>,<unused>0)
  2512 wget     RET   openat 3
  2512 wget     CALL  fstat(0x3,0x7fffffffe3f8)
  2512 wget     RET   fstat 0
  2512 wget     CALL  mmap(0,0x2f,0x1<PROT_READ>,0x2<MAP_PRIVATE>,0x3,0)
  2512 wget     RET   mmap 34366709760/0x8006a6000
  2512 wget     CALL  close(0x3)
  2512 wget     RET   close 0
  2512 wget     CALL  lstat(0x8006a2800,0x7fffffffcac8)
  2512 wget     RET   lstat 0
  2512 wget     CALL  lstat(0x8006a2800,0x7fffffffcac8)
  2512 wget     RET   lstat 0
  2512 wget     CALL  lstat(0x8006a2800,0x7fffffffcac8)
  2512 wget     RET   lstat 0
  2512 wget     CALL  lstat(0x8006a2800,0x7fffffffcac8)
  2512 wget     RET   lstat -1 errno 2 No such file or directory
  2512 wget     CALL  munmap(0x8006a6000,0x2f)
  2512 wget     RET   munmap 0
  2512 wget     CALL  access(0x8006a2800,0<F_OK>)
  2512 wget     RET   access 0
  2512 wget     CALL  openat(AT_FDCWD,0x8006a3000,0x300000<O_CLOEXEC|O_VERIFY>,<unused>0)
  2512 wget     RET   openat 3
  2512 wget     CALL  fstat(0x3,0x7fffffffddf8)
  2512 wget     RET   fstat 0
  2512 wget     CALL  mmap(0,0x1000,0x1<PROT_READ>,0x40002<MAP_PRIVATE|MAP_PREFAULT_READ>,0x3,0)
  2512 wget     RET   mmap 34366709760/0x8006a6000
  2512 wget     CALL  mmap(0,0x20a000,0<PROT_NONE>,0x21002<MAP_PRIVATE|MAP_ANON|MAP_NOCORE>,0xffffffff,0)
  2512 wget     RET   mmap 34368782336/0x8008a0000
  2512 wget     CALL  mmap(0x8008a0000,0xa000,0x5<PROT_READ|PROT_EXEC>,0x60012<MAP_PRIVATE|MAP_FIXED|MAP_NOCORE|MAP_PREFAULT_READ>,0x3,0)
  2512 wget     RET   mmap 34368782336/0x8008a0000
  2512 wget     CALL  mmap(0x800aa9000,0x1000,0x3<PROT_READ|PROT_WRITE>,0x40012<MAP_PRIVATE|MAP_FIXED|MAP_PREFAULT_READ>,0x3,0x9000)
  2512 wget     RET   mmap 34370916352/0x800aa9000
  2512 wget     CALL  munmap(0x8006a6000,0x1000)
  2512 wget     RET   munmap 0
  2512 wget     CALL  close(0x3)
  2512 wget     RET   close 0
  2512 wget     CALL  access(0x8006a2800,0<F_OK>)
  2512 wget     RET   access -1 errno 2 No such file or directory
  2512 wget     CALL  openat(AT_FDCWD,0x800697c49,0x100000<O_CLOEXEC>,<unused>0)
  2512 wget     RET   openat 3
  2512 wget     CALL  read(0x3,0x80089f5e8,0x80)
  2512 wget     RET   read 128/0x80
  2512 wget     CALL  fstat(0x3,0x7fffffffdca0)
  2512 wget     RET   fstat 0
  2512 wget     CALL  lseek(0x3,0x80,SEEK_SET)
  2512 wget     RET   lseek 128/0x80
  2512 wget     CALL  read(0x3,0x8006a4000,0x5b)
  2512 wget     RET   read 91/0x5b
  2512 wget     CALL  close(0x3)
  2512 wget     RET   close 0
  2512 wget     CALL  access(0x8006a2800,0<F_OK>)
  2512 wget     RET   access -1 errno 2 No such file or directory
  2512 wget     CALL  access(0x8006a2800,0<F_OK>)
  2512 wget     RET   access 0
  2512 wget     CALL  openat(AT_FDCWD,0x80069f140,0x300000<O_CLOEXEC|O_VERIFY>,<unused>0)
  2512 wget     RET   openat 3
  2512 wget     CALL  fstat(0x3,0x7fffffffddf8)
  2512 wget     RET   fstat 0
  2512 wget     CALL  mmap(0,0x1000,0x1<PROT_READ>,0x40002<MAP_PRIVATE|MAP_PREFAULT_READ>,0x3,0)
  2512 wget     RET   mmap 34366709760/0x8006a6000
  2512 wget     CALL  mmap(0,0x270000,0<PROT_NONE>,0x21002<MAP_PRIVATE|MAP_ANON|MAP_NOCORE>,0xffffffff,0)
  2512 wget     RET   mmap 34370920448/0x800aaa000
  2512 wget     CALL  mmap(0x800aaa000,0x65000,0x5<PROT_READ|PROT_EXEC>,0x60012<MAP_PRIVATE|MAP_FIXED|MAP_NOCORE|MAP_PREFAULT_READ>,0x3,0)
  2512 wget     RET   mmap 34370920448/0x800aaa000
  2512 wget     CALL  mmap(0x800d0f000,0xb000,0x3<PROT_READ|PROT_WRITE>,0x40012<MAP_PRIVATE|MAP_FIXED|MAP_PREFAULT_READ>,0x3,0x65000)
  2512 wget     RET   mmap 34373431296/0x800d0f000
  2512 wget     CALL  munmap(0x8006a6000,0x1000)
  2512 wget     RET   munmap 0
  2512 wget     CALL  close(0x3)
  2512 wget     RET   close 0
  2512 wget     CALL  access(0x8006a2800,0<F_OK>)
  2512 wget     RET   access -1 errno 2 No such file or directory
  2512 wget     CALL  access(0x8006a2800,0<F_OK>)
  2512 wget     RET   access 0
  2512 wget     CALL  openat(AT_FDCWD,0x80069f1a0,0x300000<O_CLOEXEC|O_VERIFY>,<unused>0)
  2512 wget     RET   openat 3
  2512 wget     CALL  fstat(0x3,0x7fffffffddf8)
  2512 wget     RET   fstat 0
  2512 wget     CALL  mmap(0,0x1000,0x1<PROT_READ>,0x40002<MAP_PRIVATE|MAP_PREFAULT_READ>,0x3,0)
  2512 wget     RET   mmap 34366709760/0x8006a6000
  2512 wget     CALL  mmap(0,0x46c000,0<PROT_NONE>,0x1021002<MAP_PRIVATE|MAP_ANON|MAP_NOCORE|MAP_ALIGNED_SUPER>,0xffffffff,0)
  2512 wget     RET   mmap 34374418432/0x800e00000
  2512 wget     CALL  mmap(0x800e00000,0x240000,0x5<PROT_READ|PROT_EXEC>,0x60012<MAP_PRIVATE|MAP_FIXED|MAP_NOCORE|MAP_PREFAULT_READ>,0x3,0)
  2512 wget     RET   mmap 34374418432/0x800e00000
  2512 wget     CALL  mmap(0x801240000,0x29000,0x3<PROT_READ|PROT_WRITE>,0x40012<MAP_PRIVATE|MAP_FIXED|MAP_PREFAULT_READ>,0x3,0x240000)
  2512 wget     RET   mmap 34378874880/0x801240000
  2512 wget     CALL  mmap(0x801269000,0x3000,0x3<PROT_READ|PROT_WRITE>,0x1012<MAP_PRIVATE|MAP_FIXED|MAP_ANON>,0xffffffff,0)
  2512 wget     RET   mmap 34379042816/0x801269000
  2512 wget     CALL  munmap(0x8006a6000,0x1000)
  2512 wget     RET   munmap 0
  2512 wget     CALL  close(0x3)
  2512 wget     RET   close 0
  2512 wget     CALL  access(0x8006a2800,0<F_OK>)
  2512 wget     RET   access -1 errno 2 No such file or directory
  2512 wget     CALL  access(0x8006a2800,0<F_OK>)
  2512 wget     RET   access 0
  2512 wget     CALL  openat(AT_FDCWD,0x80069f1e0,0x300000<O_CLOEXEC|O_VERIFY>,<unused>0)
  2512 wget     RET   openat 3
  2512 wget     CALL  fstat(0x3,0x7fffffffddf8)
  2512 wget     RET   fstat 0
  2512 wget     CALL  mmap(0,0x1000,0x1<PROT_READ>,0x40002<MAP_PRIVATE|MAP_PREFAULT_READ>,0x3,0)
  2512 wget     RET   mmap 34366709760/0x8006a6000
  2512 wget     CALL  mmap(0,0x217000,0<PROT_NONE>,0x21002<MAP_PRIVATE|MAP_ANON|MAP_NOCORE>,0xffffffff,0)
  2512 wget     RET   mmap 34379055104/0x80126c000
  2512 wget     CALL  mmap(0x80126c000,0x17000,0x5<PROT_READ|PROT_EXEC>,0x60012<MAP_PRIVATE|MAP_FIXED|MAP_NOCORE|MAP_PREFAULT_READ>,0x3,0)
  2512 wget     RET   mmap 34379055104/0x80126c000
  2512 wget     CALL  mmap(0x801482000,0x1000,0x3<PROT_READ|PROT_WRITE>,0x40012<MAP_PRIVATE|MAP_FIXED|MAP_PREFAULT_READ>,0x3,0x16000)
  2512 wget     RET   mmap 34381242368/0x801482000
  2512 wget     CALL  munmap(0x8006a6000,0x1000)
  2512 wget     RET   munmap 0
  2512 wget     CALL  close(0x3)
  2512 wget     RET   close 0
  2512 wget     CALL  access(0x8006a2800,0<F_OK>)
  2512 wget     RET   access 0
  2512 wget     CALL  openat(AT_FDCWD,0x8006a3240,0x300000<O_CLOEXEC|O_VERIFY>,<unused>0)
  2512 wget     RET   openat 3
  2512 wget     CALL  fstat(0x3,0x7fffffffddf8)
  2512 wget     RET   fstat 0
  2512 wget     CALL  mmap(0,0x1000,0x1<PROT_READ>,0x40002<MAP_PRIVATE|MAP_PREFAULT_READ>,0x3,0)
  2512 wget     RET   mmap 34366709760/0x8006a6000
  2512 wget     CALL  mmap(0,0x234000,0<PROT_NONE>,0x21002<MAP_PRIVATE|MAP_ANON|MAP_NOCORE>,0xffffffff,0)
  2512 wget     RET   mmap 34381246464/0x801483000
  2512 wget     CALL  mmap(0x801483000,0x33000,0x5<PROT_READ|PROT_EXEC>,0x60012<MAP_PRIVATE|MAP_FIXED|MAP_NOCORE|MAP_PREFAULT_READ>,0x3,0)
  2512 wget     RET   mmap 34381246464/0x801483000
  2512 wget     CALL  mmap(0x8016b6000,0x1000,0x3<PROT_READ|PROT_WRITE>,0x40012<MAP_PRIVATE|MAP_FIXED|MAP_PREFAULT_READ>,0x3,0x33000)
  2512 wget     RET   mmap 34383552512/0x8016b6000
  2512 wget     CALL  munmap(0x8006a6000,0x1000)
  2512 wget     RET   munmap 0
  2512 wget     CALL  close(0x3)
  2512 wget     RET   close 0
  2512 wget     CALL  access(0x8006a2800,0<F_OK>)
  2512 wget     RET   access -1 errno 2 No such file or directory
  2512 wget     CALL  access(0x8006a2800,0<F_OK>)
  2512 wget     RET   access 0
  2512 wget     CALL  openat(AT_FDCWD,0x80069f280,0x300000<O_CLOEXEC|O_VERIFY>,<unused>0)
  2512 wget     RET   openat 3
  2512 wget     CALL  fstat(0x3,0x7fffffffddf8)
  2512 wget     RET   fstat 0
  2512 wget     CALL  mmap(0,0x1000,0x1<PROT_READ>,0x40002<MAP_PRIVATE|MAP_PREFAULT_READ>,0x3,0)
  2512 wget     RET   mmap 34366709760/0x8006a6000
  2512 wget     CALL  mmap(0,0x3b4000,0<PROT_NONE>,0x21002<MAP_PRIVATE|MAP_ANON|MAP_NOCORE>,0xffffffff,0)
  2512 wget     RET   mmap 34383556608/0x8016b7000
  2512 wget     CALL  mmap(0x8016b7000,0x18e000,0x5<PROT_READ|PROT_EXEC>,0x60012<MAP_PRIVATE|MAP_FIXED|MAP_NOCORE|MAP_PREFAULT_READ>,0x3,0)
  2512 wget     RET   mmap 34383556608/0x8016b7000
  2512 wget     CALL  mmap(0x801a45000,0xc000,0x3<PROT_READ|PROT_WRITE>,0x40012<MAP_PRIVATE|MAP_FIXED|MAP_PREFAULT_READ>,0x3,0x18e000)
  2512 wget     RET   mmap 34387283968/0x801a45000
  2512 wget     CALL  mmap(0x801a51000,0x1a000,0x3<PROT_READ|PROT_WRITE>,0x1012<MAP_PRIVATE|MAP_FIXED|MAP_ANON>,0xffffffff,0)
  2512 wget     RET   mmap 34387333120/0x801a51000
  2512 wget     CALL  munmap(0x8006a6000,0x1000)
  2512 wget     RET   munmap 0
  2512 wget     CALL  close(0x3)
  2512 wget     RET   close 0
  2512 wget     CALL  mmap(0,0xa000,0x3<PROT_READ|PROT_WRITE>,0x1002<MAP_PRIVATE|MAP_ANON>,0xffffffff,0)
  2512 wget     RET   mmap 34366709760/0x8006a6000
  2512 wget     CALL  munmap(0x8006ae000,0x2000)
  2512 wget     RET   munmap 0
  2512 wget     CALL  mmap(0,0x19000,0x3<PROT_READ|PROT_WRITE>,0x1002<MAP_PRIVATE|MAP_ANON>,0xffffffff,0)
  2512 wget     RET   mmap 34366742528/0x8006ae000
  2512 wget     CALL  sysarch(0x81,0x7fffffffe498)
  2512 wget     RET   sysarch 0
  2512 wget     CALL  sigprocmask(SIG_BLOCK,0x80089f6f8,0x7fffffffe460)
  2512 wget     RET   sigprocmask 0
  2512 wget     CALL  sigprocmask(SIG_SETMASK,0x80089f708,0)
  2512 wget     RET   sigprocmask 0
  2512 wget     CALL  readlink(0x8018178d8,0x7fffffffdb90,0x400)
  2512 wget     RET   readlink -1 errno 2 No such file or directory
  2512 wget     CALL  issetugid
  2512 wget     RET   issetugid 0
  2512 wget     CALL  __sysctl(0x7fffffffda00,0x2,0x7fffffffda50,0x7fffffffda48,0x801816397,0xd)
  2512 wget     RET   __sysctl 0
  2512 wget     CALL  __sysctl(0x7fffffffda50,0x2,0x7fffffffdb14,0x7fffffffdb08,0,0)
  2512 wget     RET   __sysctl 0
  2512 wget     CALL  mmap(0,0x200000,0x3<PROT_READ|PROT_WRITE>,0x1002<MAP_PRIVATE|MAP_ANON>,0xffffffff,0)
  2512 wget     RET   mmap 34387439616/0x801a6b000
  2512 wget     CALL  munmap(0x801a6b000,0x200000)
  2512 wget     RET   munmap 0
  2512 wget     CALL  mmap(0,0x3ff000,0x3<PROT_READ|PROT_WRITE>,0x1002<MAP_PRIVATE|MAP_ANON>,0xffffffff,0)
  2512 wget     RET   mmap 34387439616/0x801a6b000
  2512 wget     CALL  munmap(0x801a6b000,0x195000)
  2512 wget     RET   munmap 0
  2512 wget     CALL  munmap(0x801e00000,0x6a000)
  2512 wget     RET   munmap 0
  2512 wget     CALL  sigprocmask(SIG_BLOCK,0x80089f6f8,0x7fffffffdfe0)
  2512 wget     RET   sigprocmask 0
  2512 wget     CALL  sigprocmask(SIG_SETMASK,0x80089f708,0)
  2512 wget     RET   sigprocmask 0
  2512 wget     CALL  sigprocmask(SIG_BLOCK,0x80089f6f8,0x7fffffffdfe0)
  2512 wget     RET   sigprocmask 0
  2512 wget     CALL  sigprocmask(SIG_SETMASK,0x80089f708,0)
  2512 wget     RET   sigprocmask 0
  2512 wget     CALL  sigprocmask(SIG_BLOCK,0x80089f6f8,0x7fffffffdfe0)
  2512 wget     RET   sigprocmask 0
  2512 wget     CALL  sigprocmask(SIG_SETMASK,0x80089f708,0)
  2512 wget     RET   sigprocmask 0
  2512 wget     CALL  sigprocmask(SIG_BLOCK,0x80089f6f8,0x7fffffffdfe0)
  2512 wget     RET   sigprocmask 0
  2512 wget     CALL  sigprocmask(SIG_SETMASK,0x80089f708,0)
  2512 wget     RET   sigprocmask 0
  2512 wget     CALL  sigprocmask(SIG_BLOCK,0x80089f6f8,0x7fffffffdfe0)
  2512 wget     RET   sigprocmask 0
  2512 wget     CALL  sigprocmask(SIG_SETMASK,0x80089f708,0)
  2512 wget     RET   sigprocmask 0
  2512 wget     CALL  sigprocmask(SIG_BLOCK,0x80089f6f8,0x7fffffffdfe0)
  2512 wget     RET   sigprocmask 0
  2512 wget     CALL  sigprocmask(SIG_SETMASK,0x80089f708,0)
  2512 wget     RET   sigprocmask 0
  2512 wget     CALL  sigprocmask(SIG_BLOCK,0x80089f6f8,0x7fffffffdfe0)
  2512 wget     RET   sigprocmask 0
  2512 wget     CALL  sigprocmask(SIG_SETMASK,0x80089f708,0)
  2512 wget     RET   sigprocmask 0
  2512 wget     CALL  mmap(0,0x200000,0x3<PROT_READ|PROT_WRITE>,0x1002<MAP_PRIVATE|MAP_ANON>,0xffffffff,0)
  2512 wget     RET   mmap 34391195648/0x801e00000
  2512 wget     CALL  clock_getres(0x4,0x7fffffffe998)
  2512 wget     RET   clock_getres 0
  2512 wget     CALL  stat(0x46e433,0x7fffffffe908)
  2512 wget     RET   stat -1 errno 2 No such file or directory
  2512 wget     CALL  stat(0x801e15080,0x7fffffffe8d8)
  2512 wget     RET   stat -1 errno 2 No such file or directory
  2512 wget     CALL  ioctl(0x2,TIOCGETA,0x7fffffffe960)
  2512 wget     RET   ioctl 0
  2512 wget     CALL  ioctl(0x2,TIOCGETA,0x7fffffffe940)
  2512 wget     RET   ioctl 0
  2512 wget     CALL  sigaction(SIGHUP,0x7fffffffe978,0x7fffffffe958)
  2512 wget     RET   sigaction 0
  2512 wget     CALL  sigaction(SIGHUP,0x7fffffffe978,0x7fffffffe958)
  2512 wget     RET   sigaction 0
  2512 wget     CALL  sigaction(SIGUSR1,0x7fffffffe978,0x7fffffffe958)
  2512 wget     RET   sigaction 0
  2512 wget     CALL  sigaction(SIGPIPE,0x7fffffffe978,0x7fffffffe958)
  2512 wget     RET   sigaction 0
  2512 wget     CALL  sigaction(SIGWINCH,0x7fffffffe978,0x7fffffffe958)
  2512 wget     RET   sigaction 0
  2512 wget     CALL  issetugid
  2512 wget     RET   issetugid 0
  2512 wget     CALL  open(0x80181446d,0x120004<O_NONBLOCK|O_DIRECTORY|O_CLOEXEC>,<unused>0x80808080)
  2512 wget     RET   open 3
  2512 wget     CALL  fstatfs(0x3,0x7fffffffd4d8)
  2512 wget     RET   fstatfs 0
  2512 wget     CALL  getdirentries(0x3,0x801e24000,0x1000,0x801e21028)
  2512 wget     RET   getdirentries 4096/0x1000
  2512 wget     CALL  getdirentries(0x3,0x801e24000,0x1000,0x801e21028)
  2512 wget     RET   getdirentries 4096/0x1000
  2512 wget     CALL  getdirentries(0x3,0x801e24000,0x1000,0x801e21028)
  2512 wget     RET   getdirentries 0
  2512 wget     CALL  close(0x3)
  2512 wget     RET   close 0
  2512 wget     CALL  sigprocmask(SIG_BLOCK,0x80089f6f8,0x7fffffffccd0)
  2512 wget     RET   sigprocmask 0
  2512 wget     CALL  openat(AT_FDCWD,0x8006a33c0,0x300000<O_CLOEXEC|O_VERIFY>,<unused>0)
  2512 wget     RET   openat 3
  2512 wget     CALL  fstat(0x3,0x7fffffffc668)
  2512 wget     RET   fstat 0
  2512 wget     CALL  mmap(0,0x1000,0x1<PROT_READ>,0x40002<MAP_PRIVATE|MAP_PREFAULT_READ>,0x3,0)
  2512 wget     RET   mmap 34366844928/0x8006c7000
  2512 wget     CALL  mmap(0,0x202000,0<PROT_NONE>,0x21002<MAP_PRIVATE|MAP_ANON|MAP_NOCORE>,0xffffffff,0)
  2512 wget     RET   mmap 34393292800/0x802000000
  2512 wget     CALL  mmap(0x802000000,0x2000,0x5<PROT_READ|PROT_EXEC>,0x60012<MAP_PRIVATE|MAP_FIXED|MAP_NOCORE|MAP_PREFAULT_READ>,0x3,0)
  2512 wget     RET   mmap 34393292800/0x802000000
  2512 wget     CALL  mmap(0x802201000,0x1000,0x3<PROT_READ|PROT_WRITE>,0x40012<MAP_PRIVATE|MAP_FIXED|MAP_PREFAULT_READ>,0x3,0x1000)
  2512 wget     RET   mmap 34395394048/0x802201000
  2512 wget     CALL  munmap(0x8006c7000,0x1000)
  2512 wget     RET   munmap 0
  2512 wget     CALL  close(0x3)
  2512 wget     RET   close 0
  2512 wget     CALL  sigprocmask(SIG_SETMASK,0x80089f708,0)
  2512 wget     RET   sigprocmask 0
  2512 wget     CALL  sigprocmask(SIG_BLOCK,0x80089f6f8,0x7fffffffc850)
  2512 wget     RET   sigprocmask 0
  2512 wget     CALL  sigprocmask(SIG_SETMASK,0x80089f708,0)
  2512 wget     RET   sigprocmask 0
  2512 wget     CALL  open(0x7fffffffc930,0x100000<O_CLOEXEC>,<unused>0xffffc588)
  2512 wget     RET   open 3
  2512 wget     CALL  fstat(0x3,0x7fffffffc870)
  2512 wget     RET   fstat 0
  2512 wget     CALL  mmap(0,0x7560,0x1<PROT_READ>,0x2<MAP_PRIVATE>,0x3,0)
  2512 wget     RET   mmap 34366844928/0x8006c7000
  2512 wget     CALL  close(0x3)
  2512 wget     RET   close 0
  2512 wget     CALL  munmap(0x8006c7000,0x7560)
  2512 wget     RET   munmap 0
  2512 wget     CALL  open(0x7fffffffc930,0x100000<O_CLOEXEC>,<unused>0xffffc588)
  2512 wget     RET   open 3
  2512 wget     CALL  fstat(0x3,0x7fffffffc870)
  2512 wget     RET   fstat 0
  2512 wget     CALL  mmap(0,0x3480,0x1<PROT_READ>,0x2<MAP_PRIVATE>,0x3,0)
  2512 wget     RET   mmap 34366844928/0x8006c7000
  2512 wget     CALL  close(0x3)
  2512 wget     RET   close 0
  2512 wget     CALL  munmap(0x8006c7000,0x3480)
  2512 wget     RET   munmap 0
  2512 wget     CALL  open(0x7fffffffce00,0x100000<O_CLOEXEC>,<unused>0xffffca38)
  2512 wget     RET   open 3
  2512 wget     CALL  fstat(0x3,0x7fffffffcd20)
  2512 wget     RET   fstat 0
  2512 wget     CALL  mmap(0,0x130,0x1<PROT_READ>,0x2<MAP_PRIVATE>,0x3,0)
  2512 wget     RET   mmap 34366844928/0x8006c7000
  2512 wget     CALL  close(0x3)
  2512 wget     RET   close 0
  2512 wget     CALL  munmap(0x8006c7000,0x130)
  2512 wget     RET   munmap 0
  2512 wget     CALL  open(0x7fffffffc930,0x100000<O_CLOEXEC>,<unused>0xffffc588)
  2512 wget     RET   open 3
  2512 wget     CALL  fstat(0x3,0x7fffffffc870)
  2512 wget     RET   fstat 0
  2512 wget     CALL  mmap(0,0x7560,0x1<PROT_READ>,0x2<MAP_PRIVATE>,0x3,0)
  2512 wget     RET   mmap 34366844928/0x8006c7000
  2512 wget     CALL  close(0x3)
  2512 wget     RET   close 0
  2512 wget     CALL  munmap(0x8006c7000,0x7560)
  2512 wget     RET   munmap 0
  2512 wget     CALL  open(0x7fffffffc930,0x100000<O_CLOEXEC>,<unused>0xffffc588)
  2512 wget     RET   open 3
  2512 wget     CALL  fstat(0x3,0x7fffffffc870)
  2512 wget     RET   fstat 0
  2512 wget     CALL  mmap(0,0x3480,0x1<PROT_READ>,0x2<MAP_PRIVATE>,0x3,0)
  2512 wget     RET   mmap 34366844928/0x8006c7000
  2512 wget     CALL  close(0x3)
  2512 wget     RET   close 0
  2512 wget     CALL  munmap(0x8006c7000,0x3480)
  2512 wget     RET   munmap 0
  2512 wget     CALL  open(0x7fffffffce00,0x100000<O_CLOEXEC>,<unused>0xffffca38)
  2512 wget     RET   open 3
  2512 wget     CALL  fstat(0x3,0x7fffffffcd20)
  2512 wget     RET   fstat 0
  2512 wget     CALL  mmap(0,0x170,0x1<PROT_READ>,0x2<MAP_PRIVATE>,0x3,0)
  2512 wget     RET   mmap 34366844928/0x8006c7000
  2512 wget     CALL  close(0x3)
  2512 wget     RET   close 0
  2512 wget     CALL  munmap(0x8006c7000,0x170)
  2512 wget     RET   munmap 0
  2512 wget     CALL  open(0x80181446d,0x120004<O_NONBLOCK|O_DIRECTORY|O_CLOEXEC>,<unused>0xaa9d9693)
  2512 wget     RET   open 3
  2512 wget     CALL  fstatfs(0x3,0x7fffffffd388)
  2512 wget     RET   fstatfs 0
  2512 wget     CALL  getdirentries(0x3,0x801e24000,0x1000,0x801e21028)
  2512 wget     RET   getdirentries 4096/0x1000
  2512 wget     CALL  getdirentries(0x3,0x801e24000,0x1000,0x801e21028)
  2512 wget     RET   getdirentries 4096/0x1000
  2512 wget     CALL  getdirentries(0x3,0x801e24000,0x1000,0x801e21028)
  2512 wget     RET   getdirentries 0
  2512 wget     CALL  close(0x3)
  2512 wget     RET   close 0
  2512 wget     CALL  sigprocmask(SIG_BLOCK,0x80089f6f8,0x7fffffffcb80)
  2512 wget     RET   sigprocmask 0
  2512 wget     CALL  openat(AT_FDCWD,0x8006a3480,0x300000<O_CLOEXEC|O_VERIFY>,<unused>0)
  2512 wget     RET   openat 3
  2512 wget     CALL  fstat(0x3,0x7fffffffc518)
  2512 wget     RET   fstat 0
  2512 wget     CALL  mmap(0,0x1000,0x1<PROT_READ>,0x40002<MAP_PRIVATE|MAP_PREFAULT_READ>,0x3,0)
  2512 wget     RET   mmap 34366844928/0x8006c7000
  2512 wget     CALL  mmap(0,0x202000,0<PROT_NONE>,0x21002<MAP_PRIVATE|MAP_ANON|MAP_NOCORE>,0xffffffff,0)
  2512 wget     RET   mmap 34395398144/0x802202000
  2512 wget     CALL  mmap(0x802202000,0x2000,0x5<PROT_READ|PROT_EXEC>,0x60012<MAP_PRIVATE|MAP_FIXED|MAP_NOCORE|MAP_PREFAULT_READ>,0x3,0)
  2512 wget     RET   mmap 34395398144/0x802202000
  2512 wget     CALL  mmap(0x802403000,0x1000,0x3<PROT_READ|PROT_WRITE>,0x40012<MAP_PRIVATE|MAP_FIXED|MAP_PREFAULT_READ>,0x3,0x1000)
  2512 wget     RET   mmap 34397499392/0x802403000
  2512 wget     CALL  munmap(0x8006c7000,0x1000)
  2512 wget     RET   munmap 0
  2512 wget     CALL  close(0x3)
  2512 wget     RET   close 0
  2512 wget     CALL  sigprocmask(SIG_SETMASK,0x80089f708,0)
  2512 wget     RET   sigprocmask 0
  2512 wget     CALL  sigprocmask(SIG_BLOCK,0x80089f6f8,0x7fffffffc700)
  2512 wget     RET   sigprocmask 0
  2512 wget     CALL  sigprocmask(SIG_SETMASK,0x80089f708,0)
  2512 wget     RET   sigprocmask 0
  2512 wget     CALL  stat(0x7fffffffb5b0,0x7fffffffb538)
  2512 wget     RET   stat 0
  2512 wget     CALL  open(0x7fffffffb550,0x100000<O_CLOEXEC>,<unused>0xffffb1a8)
  2512 wget     RET   open -1 errno 2 No such file or directory
  2512 wget     CALL  open(0x80181205f,0x100000<O_CLOEXEC>,<unused>0xffffffff)
  2512 wget     RET   open -1 errno 2 No such file or directory
  2512 wget     CALL  open(0x7fffffffb550,0x100000<O_CLOEXEC>,<unused>0xffffb1a8)
  2512 wget     RET   open -1 errno 2 No such file or directory
  2512 wget     CALL  open(0x80181205f,0x100000<O_CLOEXEC>,<unused>0xffffffff)
  2512 wget     RET   open -1 errno 2 No such file or directory
  2512 wget     CALL  open(0x7fffffffb5b0,0x100000<O_CLOEXEC>,<unused>0xffffadc8)
  2512 wget     RET   open 3
  2512 wget     CALL  fstat(0x3,0x7fffffffb0b0)
  2512 wget     RET   fstat 0
  2512 wget     CALL  mmap(0,0xb0f4,0x1<PROT_READ>,0x2<MAP_PRIVATE>,0x3,0)
  2512 wget     RET   mmap 34366844928/0x8006c7000
  2512 wget     CALL  close(0x3)
  2512 wget     RET   close 0
  2512 wget     CALL  munmap(0x8006c7000,0xb0f4)
  2512 wget     RET   munmap 0
  2512 wget     CALL  open(0x80181446d,0x120004<O_NONBLOCK|O_DIRECTORY|O_CLOEXEC>,<unused>0x80808080)
  2512 wget     RET   open 3
  2512 wget     CALL  fstatfs(0x3,0x7fffffffaa38)
  2512 wget     RET   fstatfs 0
  2512 wget     CALL  getdirentries(0x3,0x801e24000,0x1000,0x801e21028)
  2512 wget     RET   getdirentries 4096/0x1000
  2512 wget     CALL  getdirentries(0x3,0x801e24000,0x1000,0x801e21028)
  2512 wget     RET   getdirentries 4096/0x1000
  2512 wget     CALL  getdirentries(0x3,0x801e24000,0x1000,0x801e21028)
  2512 wget     RET   getdirentries 0
  2512 wget     CALL  close(0x3)
  2512 wget     RET   close 0
  2512 wget     CALL  sigprocmask(SIG_BLOCK,0x80089f6f8,0x7fffffffa230)
  2512 wget     RET   sigprocmask 0
  2512 wget     CALL  openat(AT_FDCWD,0x8006a3540,0x300000<O_CLOEXEC|O_VERIFY>,<unused>0)
  2512 wget     RET   openat 3
  2512 wget     CALL  fstat(0x3,0x7fffffff9bc8)
  2512 wget     RET   fstat 0
  2512 wget     CALL  mmap(0,0x1000,0x1<PROT_READ>,0x40002<MAP_PRIVATE|MAP_PREFAULT_READ>,0x3,0)
  2512 wget     RET   mmap 34366844928/0x8006c7000
  2512 wget     CALL  mmap(0,0x202000,0<PROT_NONE>,0x21002<MAP_PRIVATE|MAP_ANON|MAP_NOCORE>,0xffffffff,0)
  2512 wget     RET   mmap 34397503488/0x802404000
  2512 wget     CALL  mmap(0x802404000,0x2000,0x5<PROT_READ|PROT_EXEC>,0x60012<MAP_PRIVATE|MAP_FIXED|MAP_NOCORE|MAP_PREFAULT_READ>,0x3,0)
  2512 wget     RET   mmap 34397503488/0x802404000
  2512 wget     CALL  mmap(0x802605000,0x1000,0x3<PROT_READ|PROT_WRITE>,0x40012<MAP_PRIVATE|MAP_FIXED|MAP_PREFAULT_READ>,0x3,0x1000)
  2512 wget     RET   mmap 34399604736/0x802605000
  2512 wget     CALL  munmap(0x8006c7000,0x1000)
  2512 wget     RET   munmap 0
  2512 wget     CALL  close(0x3)
  2512 wget     RET   close 0
  2512 wget     CALL  sigprocmask(SIG_SETMASK,0x80089f708,0)
  2512 wget     RET   sigprocmask 0
  2512 wget     CALL  sigprocmask(SIG_BLOCK,0x80089f6f8,0x7fffffff9db0)
  2512 wget     RET   sigprocmask 0
  2512 wget     CALL  sigprocmask(SIG_SETMASK,0x80089f708,0)
  2512 wget     RET   sigprocmask 0
  2512 wget     CALL  open(0x7fffffffa8c0,0x100000<O_CLOEXEC>,<unused>0xffffa4a8)
  2512 wget     RET   open 3
  2512 wget     CALL  fstat(0x3,0x7fffffffa790)
  2512 wget     RET   fstat 0
  2512 wget     CALL  mmap(0,0x12b,0x1<PROT_READ>,0x2<MAP_PRIVATE>,0x3,0)
  2512 wget     RET   mmap 34366844928/0x8006c7000
  2512 wget     CALL  close(0x3)
  2512 wget     RET   close 0
  2512 wget     CALL  munmap(0x8006c7000,0x12b)
  2512 wget     RET   munmap 0
  2512 wget     CALL  pathconf(0x46ca3a,0x4)
  2512 wget     RET   pathconf 255/0xff
  2512 wget     CALL  stat(0x801e18020,0x7fffffffe4c8)
  2512 wget     RET   stat -1 errno 2 No such file or directory
  2512 wget     CALL  stat(0x801e18020,0x7fffffffe578)
  2512 wget     RET   stat -1 errno 2 No such file or directory
  2512 wget     CALL  pathconf(0x46ca3a,0x4)
  2512 wget     RET   pathconf 255/0xff
  2512 wget     CALL  stat(0x801e18060,0x7fffffffe4c8)
  2512 wget     RET   stat -1 errno 2 No such file or directory
  2512 wget     CALL  access(0x80181f3a8,0x4<R_OK>)
  2512 wget     RET   access -1 errno 2 No such file or directory
  2512 wget     CALL  issetugid
  2512 wget     RET   issetugid 0
  2512 wget     CALL  open(0x801e45000,0<O_RDONLY>,<unused>0)
  2512 wget     RET   open 3
  2512 wget     CALL  fstat(0x3,0x7fffffffe4d8)
  2512 wget     RET   fstat 0
  2512 wget     CALL  read(0x3,0x801e4af40,0xa1e8)
  2512 wget     RET   read 118/0x76
  2512 wget     CALL  close(0x3)
  2512 wget     RET   close 0
  2512 wget     CALL  issetugid
  2512 wget     RET   issetugid 0
  2512 wget     CALL  open(0x801e45000,0<O_RDONLY>,<unused>0)
  2512 wget     RET   open 3
  2512 wget     CALL  fstat(0x3,0x7fffffffe308)
  2512 wget     RET   fstat 0
  2512 wget     CALL  read(0x3,0x801e5d480,0xa1e8)
  2512 wget     RET   read 3519/0xdbf
  2512 wget     CALL  close(0x3)
  2512 wget     RET   close 0
  2512 wget     CALL  write(0x2,0x7fffffffe430,0x30)
  2512 wget     RET   write 48/0x30
  2512 wget     CALL  stat(0x7fffffffdf50,0x7fffffffdfc8)
  2512 wget     RET   stat -1 errno 2 No such file or directory
  2512 wget     CALL  open(0x80181446d,0x120004<O_NONBLOCK|O_DIRECTORY|O_CLOEXEC>,<unused>0x80808080)
  2512 wget     RET   open 3
  2512 wget     CALL  fstatfs(0x3,0x7fffffffcb98)
  2512 wget     RET   fstatfs 0
  2512 wget     CALL  getdirentries(0x3,0x801e24000,0x1000,0x801e21028)
  2512 wget     RET   getdirentries 4096/0x1000
  2512 wget     CALL  getdirentries(0x3,0x801e24000,0x1000,0x801e21028)
  2512 wget     RET   getdirentries 4096/0x1000
  2512 wget     CALL  getdirentries(0x3,0x801e24000,0x1000,0x801e21028)
  2512 wget     RET   getdirentries 0
  2512 wget     CALL  close(0x3)
  2512 wget     RET   close 0
  2512 wget     CALL  sigprocmask(SIG_BLOCK,0x80089f6f8,0x7fffffffc390)
  2512 wget     RET   sigprocmask 0
  2512 wget     CALL  sigprocmask(SIG_SETMASK,0x80089f708,0)
  2512 wget     RET   sigprocmask 0
  2512 wget     CALL  open(0x7fffffffbff0,0x100000<O_CLOEXEC>,<unused>0xffffbc48)
  2512 wget     RET   open 3
  2512 wget     CALL  fstat(0x3,0x7fffffffbf30)
  2512 wget     RET   fstat 0
  2512 wget     CALL  mmap(0,0x7560,0x1<PROT_READ>,0x2<MAP_PRIVATE>,0x3,0)
  2512 wget     RET   mmap 34366844928/0x8006c7000
  2512 wget     CALL  close(0x3)
  2512 wget     RET   close 0
  2512 wget     CALL  munmap(0x8006c7000,0x7560)
  2512 wget     RET   munmap 0
  2512 wget     CALL  open(0x7fffffffbff0,0x100000<O_CLOEXEC>,<unused>0xffffbc48)
  2512 wget     RET   open 3
  2512 wget     CALL  fstat(0x3,0x7fffffffbf30)
  2512 wget     RET   fstat 0
  2512 wget     CALL  mmap(0,0x3480,0x1<PROT_READ>,0x2<MAP_PRIVATE>,0x3,0)
  2512 wget     RET   mmap 34366844928/0x8006c7000
  2512 wget     CALL  close(0x3)
  2512 wget     RET   close 0
  2512 wget     CALL  munmap(0x8006c7000,0x3480)
  2512 wget     RET   munmap 0
  2512 wget     CALL  open(0x7fffffffc4c0,0x100000<O_CLOEXEC>,<unused>0xffffc0f8)
  2512 wget     RET   open 3
  2512 wget     CALL  fstat(0x3,0x7fffffffc3e0)
  2512 wget     RET   fstat 0
  2512 wget     CALL  mmap(0,0x170,0x1<PROT_READ>,0x2<MAP_PRIVATE>,0x3,0)
  2512 wget     RET   mmap 34366844928/0x8006c7000
  2512 wget     CALL  close(0x3)
  2512 wget     RET   close 0
  2512 wget     CALL  munmap(0x8006c7000,0x170)
  2512 wget     RET   munmap 0
  2512 wget     CALL  open(0x7fffffffbff0,0x100000<O_CLOEXEC>,<unused>0xffffbc48)
  2512 wget     RET   open 3
  2512 wget     CALL  fstat(0x3,0x7fffffffbf30)
  2512 wget     RET   fstat 0
  2512 wget     CALL  mmap(0,0x7560,0x1<PROT_READ>,0x2<MAP_PRIVATE>,0x3,0)
  2512 wget     RET   mmap 34366844928/0x8006c7000
  2512 wget     CALL  close(0x3)
  2512 wget     RET   close 0
  2512 wget     CALL  munmap(0x8006c7000,0x7560)
  2512 wget     RET   munmap 0
  2512 wget     CALL  open(0x7fffffffbff0,0x100000<O_CLOEXEC>,<unused>0xffffbc48)
  2512 wget     RET   open 3
  2512 wget     CALL  fstat(0x3,0x7fffffffbf30)
  2512 wget     RET   fstat 0
  2512 wget     CALL  mmap(0,0x3480,0x1<PROT_READ>,0x2<MAP_PRIVATE>,0x3,0)
  2512 wget     RET   mmap 34366844928/0x8006c7000
  2512 wget     CALL  close(0x3)
  2512 wget     RET   close 0
  2512 wget     CALL  munmap(0x8006c7000,0x3480)
  2512 wget     RET   munmap 0
  2512 wget     CALL  open(0x7fffffffc4c0,0x100000<O_CLOEXEC>,<unused>0xffffc0f8)
  2512 wget     RET   open 3
  2512 wget     CALL  fstat(0x3,0x7fffffffc3e0)
  2512 wget     RET   fstat 0
  2512 wget     CALL  mmap(0,0x130,0x1<PROT_READ>,0x2<MAP_PRIVATE>,0x3,0)
  2512 wget     RET   mmap 34366844928/0x8006c7000
  2512 wget     CALL  close(0x3)
  2512 wget     RET   close 0
  2512 wget     CALL  munmap(0x8006c7000,0x130)
  2512 wget     RET   munmap 0
  2512 wget     CALL  open(0x80181446d,0x120004<O_NONBLOCK|O_DIRECTORY|O_CLOEXEC>,<unused>0xaa9d9693)
  2512 wget     RET   open 3
  2512 wget     CALL  fstatfs(0x3,0x7fffffffca48)
  2512 wget     RET   fstatfs 0
  2512 wget     CALL  getdirentries(0x3,0x801e24000,0x1000,0x801e21028)
  2512 wget     RET   getdirentries 4096/0x1000
  2512 wget     CALL  getdirentries(0x3,0x801e24000,0x1000,0x801e21028)
  2512 wget     RET   getdirentries 4096/0x1000
  2512 wget     CALL  getdirentries(0x3,0x801e24000,0x1000,0x801e21028)
  2512 wget     RET   getdirentries 0
  2512 wget     CALL  close(0x3)
  2512 wget     RET   close 0
  2512 wget     CALL  sigprocmask(SIG_BLOCK,0x80089f6f8,0x7fffffffc240)
  2512 wget     RET   sigprocmask 0
  2512 wget     CALL  sigprocmask(SIG_SETMASK,0x80089f708,0)
  2512 wget     RET   sigprocmask 0
  2512 wget     CALL  open(0x7fffffffac10,0x100000<O_CLOEXEC>,<unused>0xffffa868)
  2512 wget     RET   open -1 errno 2 No such file or directory
  2512 wget     CALL  open(0x80181205f,0x100000<O_CLOEXEC>,<unused>0xffffffff)
  2512 wget     RET   open -1 errno 2 No such file or directory
  2512 wget     CALL  open(0x7fffffffac10,0x100000<O_CLOEXEC>,<unused>0xffffa868)
  2512 wget     RET   open -1 errno 2 No such file or directory
  2512 wget     CALL  open(0x80181205f,0x100000<O_CLOEXEC>,<unused>0xffffffff)
  2512 wget     RET   open -1 errno 2 No such file or directory
  2512 wget     CALL  open(0x7fffffffac70,0x100000<O_CLOEXEC>,<unused>0xffffa488)
  2512 wget     RET   open 3
  2512 wget     CALL  fstat(0x3,0x7fffffffa770)
  2512 wget     RET   fstat 0
  2512 wget     CALL  mmap(0,0xb0f4,0x1<PROT_READ>,0x2<MAP_PRIVATE>,0x3,0)
  2512 wget     RET   mmap 34366844928/0x8006c7000
  2512 wget     CALL  close(0x3)
  2512 wget     RET   close 0
  2512 wget     CALL  munmap(0x8006c7000,0xb0f4)
  2512 wget     RET   munmap 0
  2512 wget     CALL  open(0x80181446d,0x120004<O_NONBLOCK|O_DIRECTORY|O_CLOEXEC>,<unused>0x80808080)
  2512 wget     RET   open 3
  2512 wget     CALL  fstatfs(0x3,0x7fffffffa0f8)
  2512 wget     RET   fstatfs 0
  2512 wget     CALL  getdirentries(0x3,0x801e24000,0x1000,0x801e21028)
  2512 wget     RET   getdirentries 4096/0x1000
  2512 wget     CALL  getdirentries(0x3,0x801e24000,0x1000,0x801e21028)
  2512 wget     RET   getdirentries 4096/0x1000
  2512 wget     CALL  getdirentries(0x3,0x801e24000,0x1000,0x801e21028)
  2512 wget     RET   getdirentries 0
  2512 wget     CALL  close(0x3)
  2512 wget     RET   close 0
  2512 wget     CALL  sigprocmask(SIG_BLOCK,0x80089f6f8,0x7fffffff98f0)
  2512 wget     RET   sigprocmask 0
  2512 wget     CALL  sigprocmask(SIG_SETMASK,0x80089f708,0)
  2512 wget     RET   sigprocmask 0
  2512 wget     CALL  open(0x7fffffff9f80,0x100000<O_CLOEXEC>,<unused>0xffff9b68)
  2512 wget     RET   open 3
  2512 wget     CALL  fstat(0x3,0x7fffffff9e50)
  2512 wget     RET   fstat 0
  2512 wget     CALL  mmap(0,0x12b,0x1<PROT_READ>,0x2<MAP_PRIVATE>,0x3,0)
  2512 wget     RET   mmap 34366844928/0x8006c7000
  2512 wget     CALL  close(0x3)
  2512 wget     RET   close 0
  2512 wget     CALL  munmap(0x8006c7000,0x12b)
  2512 wget     RET   munmap 0
  2512 wget     CALL  getuid
  2512 wget     RET   getuid 8313/0x2079
  2512 wget     CALL  geteuid
  2512 wget     RET   geteuid 8313/0x2079
  2512 wget     CALL  getgid
  2512 wget     RET   getgid 8313/0x2079
  2512 wget     CALL  getegid
  2512 wget     RET   getegid 8313/0x2079
  2512 wget     CALL  write(0x2,0x7fffffffddc0,0x2d)
  2512 wget     RET   write 45/0x2d
  2512 wget     CALL  stat(0x80181e4dc,0x7fffffffdad8)
  2512 wget     RET   stat 0
  2512 wget     CALL  open(0x80181e4dc,0x100000<O_CLOEXEC>,<unused>0x1b6)
  2512 wget     RET   open 3
  2512 wget     CALL  ioctl(0x3,TIOCGETA,0x7fffffffd850)
  2512 wget     RET   ioctl -1 errno 25 Inappropriate ioctl for device
  2512 wget     CALL  fstat(0x3,0x7fffffffd768)
  2512 wget     RET   fstat 0
  2512 wget     CALL  read(0x3,0x801e24000,0x1000)
  2512 wget     RET   read 255/0xff
  2512 wget     CALL  read(0x3,0x801e24000,0x1000)
  2512 wget     RET   read 0
  2512 wget     CALL  sigprocmask(SIG_BLOCK,0x80089f6f8,0x7fffffffcab0)
  2512 wget     RET   sigprocmask 0
  2512 wget     CALL  access(0x8006a2800,0<F_OK>)
  2512 wget     RET   access -1 errno 2 No such file or directory
  2512 wget     CALL  access(0x8006a2800,0<F_OK>)
  2512 wget     RET   access -1 errno 2 No such file or directory
  2512 wget     CALL  access(0x8006a2800,0<F_OK>)
  2512 wget     RET   access -1 errno 2 No such file or directory
  2512 wget     CALL  access(0x8006a2800,0<F_OK>)
  2512 wget     RET   access -1 errno 2 No such file or directory
  2512 wget     CALL  access(0x8006a2800,0<F_OK>)
  2512 wget     RET   access -1 errno 2 No such file or directory
  2512 wget     CALL  access(0x8006a2800,0<F_OK>)
  2512 wget     RET   access -1 errno 2 No such file or directory
  2512 wget     CALL  access(0x8006a2800,0<F_OK>)
  2512 wget     RET   access -1 errno 2 No such file or directory
  2512 wget     CALL  access(0x8006a2800,0<F_OK>)
  2512 wget     RET   access -1 errno 2 No such file or directory
  2512 wget     CALL  access(0x8006a2800,0<F_OK>)
  2512 wget     RET   access -1 errno 2 No such file or directory
  2512 wget     CALL  access(0x8006a2800,0<F_OK>)
  2512 wget     RET   access -1 errno 2 No such file or directory
  2512 wget     CALL  sigprocmask(SIG_SETMASK,0x80089f708,0)
  2512 wget     RET   sigprocmask 0
  2512 wget     CALL  sigprocmask(SIG_BLOCK,0x80089f6f8,0x7fffffffcab0)
  2512 wget     RET   sigprocmask 0
  2512 wget     CALL  access(0x8006a2800,0<F_OK>)
  2512 wget     RET   access -1 errno 2 No such file or directory
  2512 wget     CALL  access(0x8006a2800,0<F_OK>)
  2512 wget     RET   access -1 errno 2 No such file or directory
  2512 wget     CALL  access(0x8006a2800,0<F_OK>)
  2512 wget     RET   access -1 errno 2 No such file or directory
  2512 wget     CALL  access(0x8006a2800,0<F_OK>)
  2512 wget     RET   access -1 errno 2 No such file or directory
  2512 wget     CALL  access(0x8006a2800,0<F_OK>)
  2512 wget     RET   access -1 errno 2 No such file or directory
  2512 wget     CALL  access(0x8006a2800,0<F_OK>)
  2512 wget     RET   access -1 errno 2 No such file or directory
  2512 wget     CALL  access(0x8006a2800,0<F_OK>)
  2512 wget     RET   access -1 errno 2 No such file or directory
  2512 wget     CALL  access(0x8006a2800,0<F_OK>)
  2512 wget     RET   access -1 errno 2 No such file or directory
  2512 wget     CALL  access(0x8006a2800,0<F_OK>)
  2512 wget     RET   access -1 errno 2 No such file or directory
  2512 wget     CALL  access(0x8006a2800,0<F_OK>)
  2512 wget     RET   access -1 errno 2 No such file or directory
  2512 wget     CALL  sigprocmask(SIG_SETMASK,0x80089f708,0)
  2512 wget     RET   sigprocmask 0
  2512 wget     CALL  sigprocmask(SIG_BLOCK,0x80089f6f8,0x7fffffffcab0)
  2512 wget     RET   sigprocmask 0
  2512 wget     CALL  access(0x8006a2800,0<F_OK>)
  2512 wget     RET   access -1 errno 2 No such file or directory
  2512 wget     CALL  access(0x8006a2800,0<F_OK>)
  2512 wget     RET   access -1 errno 2 No such file or directory
  2512 wget     CALL  access(0x8006a2800,0<F_OK>)
  2512 wget     RET   access -1 errno 2 No such file or directory
  2512 wget     CALL  access(0x8006a2800,0<F_OK>)
  2512 wget     RET   access -1 errno 2 No such file or directory
  2512 wget     CALL  access(0x8006a2800,0<F_OK>)
  2512 wget     RET   access -1 errno 2 No such file or directory
  2512 wget     CALL  access(0x8006a2800,0<F_OK>)
  2512 wget     RET   access -1 errno 2 No such file or directory
  2512 wget     CALL  access(0x8006a2800,0<F_OK>)
  2512 wget     RET   access -1 errno 2 No such file or directory
  2512 wget     CALL  access(0x8006a2800,0<F_OK>)
  2512 wget     RET   access -1 errno 2 No such file or directory
  2512 wget     CALL  access(0x8006a2800,0<F_OK>)
  2512 wget     RET   access -1 errno 2 No such file or directory
  2512 wget     CALL  access(0x8006a2800,0<F_OK>)
  2512 wget     RET   access -1 errno 2 No such file or directory
  2512 wget     CALL  sigprocmask(SIG_SETMASK,0x80089f708,0)
  2512 wget     RET   sigprocmask 0
  2512 wget     CALL  sigprocmask(SIG_BLOCK,0x80089f6f8,0x7fffffffcab0)
  2512 wget     RET   sigprocmask 0
  2512 wget     CALL  access(0x8006a2800,0<F_OK>)
  2512 wget     RET   access -1 errno 2 No such file or directory
  2512 wget     CALL  access(0x8006a2800,0<F_OK>)
  2512 wget     RET   access -1 errno 2 No such file or directory
  2512 wget     CALL  access(0x8006a2800,0<F_OK>)
  2512 wget     RET   access -1 errno 2 No such file or directory
  2512 wget     CALL  access(0x8006a2800,0<F_OK>)
  2512 wget     RET   access -1 errno 2 No such file or directory
  2512 wget     CALL  access(0x8006a2800,0<F_OK>)
  2512 wget     RET   access -1 errno 2 No such file or directory
  2512 wget     CALL  access(0x8006a2800,0<F_OK>)
  2512 wget     RET   access -1 errno 2 No such file or directory
  2512 wget     CALL  access(0x8006a2800,0<F_OK>)
  2512 wget     RET   access -1 errno 2 No such file or directory
  2512 wget     CALL  access(0x8006a2800,0<F_OK>)
  2512 wget     RET   access -1 errno 2 No such file or directory
  2512 wget     CALL  access(0x8006a2800,0<F_OK>)
  2512 wget     RET   access -1 errno 2 No such file or directory
  2512 wget     CALL  access(0x8006a2800,0<F_OK>)
  2512 wget     RET   access -1 errno 2 No such file or directory
  2512 wget     CALL  sigprocmask(SIG_SETMASK,0x80089f708,0)
  2512 wget     RET   sigprocmask 0
  2512 wget     CALL  ioctl(0x3,TIOCGETA,0x7fffffffd820)
  2512 wget     RET   ioctl -1 errno 25 Inappropriate ioctl for device
  2512 wget     CALL  close(0x3)
  2512 wget     RET   close 0
  2512 wget     CALL  sigprocmask(SIG_BLOCK,0x80089f6f8,0x7fffffffcf70)
  2512 wget     RET   sigprocmask 0
  2512 wget     CALL  sigprocmask(SIG_SETMASK,0x80089f708,0)
  2512 wget     RET   sigprocmask 0
  2512 wget     CALL  sigprocmask(SIG_BLOCK,0x80089f6f8,0x7fffffffd480)
  2512 wget     RET   sigprocmask 0
  2512 wget     CALL  sigprocmask(SIG_SETMASK,0x80089f708,0)
  2512 wget     RET   sigprocmask 0
  2512 wget     CALL  open(0x80181bdcd,0x100000<O_CLOEXEC>,<unused>0x1b6)
  2512 wget     RET   open 3
  2512 wget     CALL  fstat(0x3,0x7fffffffb738)
  2512 wget     RET   fstat 0
  2512 wget     CALL  read(0x3,0x801e24000,0x1000)
  2512 wget     RET   read 1031/0x407
  2512 wget     CALL  read(0x3,0x801e24000,0x1000)
  2512 wget     RET   read 0
  2512 wget     CALL  close(0x3)
  2512 wget     RET   close 0
  2512 wget     CALL  getpid
  2512 wget     RET   getpid 2512/0x9d0
  2512 wget     CALL  issetugid
  2512 wget     RET   issetugid 0
  2512 wget     CALL  open(0x80181b5eb,0x100000<O_CLOEXEC>,<unused>0x1b6)
  2512 wget     RET   open 3
  2512 wget     CALL  fstat(0x3,0x7fffffffce98)
  2512 wget     RET   fstat 0
  2512 wget     CALL  fstat(0x3,0x7fffffffcc78)
  2512 wget     RET   fstat 0
  2512 wget     CALL  read(0x3,0x801e24000,0x1000)
  2512 wget     RET   read 75/0x4b
  2512 wget     CALL  read(0x3,0x801e24000,0x1000)
  2512 wget     RET   read 0
  2512 wget     CALL  close(0x3)
  2512 wget     RET   close 0
  2512 wget     CALL  issetugid
  2512 wget     RET   issetugid 0
  2512 wget     CALL  socket(PF_INET,SOCK_CLOEXEC|SOCK_DGRAM,IPPROTO_IP)
  2512 wget     RET   socket 3
  2512 wget     CALL  connect(0x3,0x801a6a19c,0x10)
  2512 wget     RET   connect 0
  2512 wget     CALL  sendto(0x3,0x801e8c0c0,0x20,0,0,0)
  2512 wget     RET   sendto 32/0x20
  2512 wget     CALL  poll(0x7fffffffcf20,0x1,0x1388)
  2512 wget     RET   poll 1
  2512 wget     CALL  recvfrom(0x3,0x801e6ad00,0x10000,0,0x7fffffffcd20,0x7fffffffc908)
  2512 wget     RET   recvfrom 48/0x30
  2512 wget     CALL  close(0x3)
  2512 wget     RET   close 0
  2512 wget     CALL  socket(PF_INET,SOCK_CLOEXEC|SOCK_DGRAM,IPPROTO_IP)
  2512 wget     RET   socket 3
  2512 wget     CALL  connect(0x3,0x801a6a19c,0x10)
  2512 wget     RET   connect 0
  2512 wget     CALL  sendto(0x3,0x801e8c0c0,0x20,0,0,0)
  2512 wget     RET   sendto 32/0x20
  2512 wget     CALL  poll(0x7fffffffcf20,0x1,0x1388)
  2512 wget     RET   poll 1
  2512 wget     CALL  recvfrom(0x3,0x801e7b880,0x10000,0,0x7fffffffcd20,0x7fffffffc908)
  2512 wget     RET   recvfrom 60/0x3c
  2512 wget     CALL  close(0x3)
  2512 wget     RET   close 0
  2512 wget     CALL  __sysctl(0x7fffffffdd30,0x4,0,0x7fffffffde50,0,0)
  2512 wget     RET   __sysctl 0
  2512 wget     CALL  __sysctl(0x7fffffffdd30,0x4,0x801e65000,0x7fffffffde50,0,0)
  2512 wget     RET   __sysctl 0
  2512 wget     CALL  socket(PF_INET6,SOCK_CLOEXEC|SOCK_DGRAM,IPPROTO_UDP)
  2512 wget     RET   socket 3
  2512 wget     CALL  connect(0x3,0x7fffffffde50,0x1c)
  2512 wget     RET   connect -1 errno 65 No route to host
  2512 wget     CALL  close(0x3)
  2512 wget     RET   close 0
  2512 wget     CALL  socket(PF_INET,SOCK_CLOEXEC|SOCK_DGRAM,IPPROTO_UDP)
  2512 wget     RET   socket 3
  2512 wget     CALL  connect(0x3,0x7fffffffde50,0x10)
  2512 wget     RET   connect 0
  2512 wget     CALL  getsockname(0x3,0x801e54230,0x7fffffffdcdc)
  2512 wget     RET   getsockname 0
  2512 wget     CALL  close(0x3)
  2512 wget     RET   close 0
  2512 wget     CALL  write(0x2,0x681a40,0xe)
  2512 wget     RET   write 14/0xe
  2512 wget     CALL  write(0x2,0x46be30,0x2)
  2512 wget     RET   write 2
  2512 wget     CALL  write(0x2,0x681a40,0x18)
  2512 wget     RET   write 24/0x18
  2512 wget     CALL  write(0x2,0x46b61e,0x1)
  2512 wget     RET   write 1
  2512 wget     CALL  write(0x2,0x7fffffffdd20,0x44)
  2512 wget     RET   write 68/0x44
  2512 wget     CALL  socket(PF_INET,SOCK_STREAM,IPPROTO_IP)
  2512 wget     RET   socket 3
  2512 wget     CALL  connect(0x3,0x7fffffffdf90,0x10)
  2512 wget     RET   connect 0
  2512 wget     CALL  write(0x2,0x7fffffffdd20,0xb)
  2512 wget     RET   write 11/0xb
  2512 wget     CALL  select(0x4,0,0x7fffffffde70,0,0x7fffffffde60)
  2512 wget     RET   select 1
  2512 wget     CALL  write(0x3,0x7fffffffdf80,0x8f)
  2512 wget     RET   write 143/0x8f
  2512 wget     CALL  write(0x2,0x7fffffffdec0,0x28)
  2512 wget     RET   write 40/0x28
  2512 wget     CALL  select(0x4,0x7fffffffdf20,0,0,0x7fffffffdf10)
  2512 wget     RET   select 1
  2512 wget     CALL  recvfrom(0x3,0x801e68000,0x1ff,0x2<MSG_PEEK>,0,0)
  2512 wget     RET   recvfrom 471/0x1d7
  2512 wget     CALL  read(0x3,0x801e68000,0xd5)
  2512 wget     RET   read 213/0xd5
  2512 wget     CALL  write(0x2,0x7fffffffdec0,0xa)
  2512 wget     RET   write 10/0xa
  2512 wget     CALL  stat(0x801e18020,0x7fffffffe008)
  2512 wget     RET   stat -1 errno 2 No such file or directory
  2512 wget     CALL  write(0x2,0x7fffffffdec0,0x50)
  2512 wget     RET   write 80/0x50
  2512 wget     CALL  select(0x4,0x7fffffffdd30,0,0,0x7fffffffdd20)
  2512 wget     RET   select 1
  2512 wget     CALL  read(0x3,0x7fffffffde40,0x102)
  2512 wget     RET   read 258/0x102
  2512 wget     CALL  pathconf(0x46ca3a,0x4)
  2512 wget     RET   pathconf 255/0xff
  2512 wget     CALL  stat(0x801e18120,0x7fffffffe4c8)
  2512 wget     RET   stat -1 errno 2 No such file or directory
  2512 wget     CALL  stat(0x801e18120,0x7fffffffe578)
  2512 wget     RET   stat -1 errno 2 No such file or directory
  2512 wget     CALL  pathconf(0x46ca3a,0x4)
  2512 wget     RET   pathconf 255/0xff
  2512 wget     CALL  stat(0x801e18110,0x7fffffffe4c8)
  2512 wget     RET   stat -1 errno 2 No such file or directory
  2512 wget     CALL  write(0x2,0x7fffffffe430,0x53)
  2512 wget     RET   write 83/0x53
  2512 wget     CALL  getpeername(0x3,0x7fffffffdfe0,0x7fffffffdfdc)
  2512 wget     RET   getpeername 0
  2512 wget     CALL  write(0x2,0x7fffffffde00,0x2b)
  2512 wget     RET   write 43/0x2b
  2512 wget     CALL  stat(0x80181e4dc,0x7fffffffdb18)
  2512 wget     RET   stat 0
  2512 wget     CALL  open(0x80181bdcd,0x100000<O_CLOEXEC>,<unused>0x1b6)
  2512 wget     RET   open 4
  2512 wget     CALL  fstat(0x4,0x7fffffffb778)
  2512 wget     RET   fstat 0
  2512 wget     CALL  read(0x4,0x801e24000,0x1000)
  2512 wget     RET   read 1031/0x407
  2512 wget     CALL  read(0x4,0x801e24000,0x1000)
  2512 wget     RET   read 0
  2512 wget     CALL  close(0x4)
  2512 wget     RET   close 0
  2512 wget     CALL  socket(PF_INET,SOCK_CLOEXEC|SOCK_DGRAM,IPPROTO_IP)
  2512 wget     RET   socket 4
  2512 wget     CALL  connect(0x4,0x801a6a19c,0x10)
  2512 wget     RET   connect 0
  2512 wget     CALL  sendto(0x4,0x801e9d140,0x1f,0,0,0)
  2512 wget     RET   sendto 31/0x1f
  2512 wget     CALL  poll(0x7fffffffcf60,0x1,0x1388)
  2512 wget     RET   poll 1
  2512 wget     CALL  recvfrom(0x4,0x801e6a380,0x10000,0,0x7fffffffcd60,0x7fffffffc948)
  2512 wget     RET   recvfrom 47/0x2f
  2512 wget     CALL  close(0x4)
  2512 wget     RET   close 0
  2512 wget     CALL  socket(PF_INET,SOCK_CLOEXEC|SOCK_DGRAM,IPPROTO_IP)
  2512 wget     RET   socket 4
  2512 wget     CALL  connect(0x4,0x801a6a19c,0x10)
  2512 wget     RET   connect 0
  2512 wget     CALL  sendto(0x4,0x801e9d140,0x1f,0,0,0)
  2512 wget     RET   sendto 31/0x1f
  2512 wget     CALL  poll(0x7fffffffcf60,0x1,0x1388)
  2512 wget     RET   poll 1
  2512 wget     CALL  recvfrom(0x4,0x801e7bbc0,0x10000,0,0x7fffffffcd60,0x7fffffffc948)
  2512 wget     RET   recvfrom 59/0x3b
  2512 wget     CALL  close(0x4)
  2512 wget     RET   close 0
  2512 wget     CALL  __sysctl(0x7fffffffdd70,0x4,0,0x7fffffffde90,0,0)
  2512 wget     RET   __sysctl 0
  2512 wget     CALL  __sysctl(0x7fffffffdd70,0x4,0x801e65000,0x7fffffffde90,0,0)
  2512 wget     RET   __sysctl 0
  2512 wget     CALL  socket(PF_INET6,SOCK_CLOEXEC|SOCK_DGRAM,IPPROTO_UDP)
  2512 wget     RET   socket 4
  2512 wget     CALL  connect(0x4,0x7fffffffde90,0x1c)
  2512 wget     RET   connect -1 errno 65 No route to host
  2512 wget     CALL  close(0x4)
  2512 wget     RET   close 0
  2512 wget     CALL  socket(PF_INET,SOCK_CLOEXEC|SOCK_DGRAM,IPPROTO_UDP)
  2512 wget     RET   socket 4
  2512 wget     CALL  connect(0x4,0x7fffffffde90,0x10)
  2512 wget     RET   connect 0
  2512 wget     CALL  getsockname(0x4,0x801e54230,0x7fffffffdd1c)
  2512 wget     RET   getsockname 0
  2512 wget     CALL  close(0x4)
  2512 wget     RET   close 0
  2512 wget     CALL  write(0x2,0x681a40,0xe)
  2512 wget     RET   write 14/0xe
  2512 wget     CALL  write(0x2,0x46be30,0x2)
  2512 wget     RET   write 2
  2512 wget     CALL  write(0x2,0x681a40,0x18)
  2512 wget     RET   write 24/0x18
  2512 wget     CALL  write(0x2,0x46b61e,0x1)
  2512 wget     RET   write 1
  2512 wget     CALL  write(0x2,0x7fffffffdd20,0x42)
  2512 wget     RET   write 66/0x42
  2512 wget     CALL  socket(PF_INET,SOCK_STREAM,IPPROTO_IP)
  2512 wget     RET   socket 4
  2512 wget     CALL  connect(0x4,0x7fffffffdf90,0x10)
  2512 wget     RET   connect 0
  2512 wget     CALL  write(0x2,0x7fffffffdd20,0xb)
  2512 wget     RET   write 11/0xb
  2512 wget     CALL  select(0x5,0,0x7fffffffde40,0,0x7fffffffde30)
  2512 wget     RET   select 1
  2512 wget     CALL  write(0x4,0x7fffffffdf50,0xb2)
  2512 wget     RET   write 178/0xb2
  2512 wget     CALL  write(0x2,0x7fffffffdec0,0x28)
  2512 wget     RET   write 40/0x28
  2512 wget     CALL  select(0x5,0x7fffffffdf20,0,0,0x7fffffffdf10)
  2512 wget     RET   select 1
  2512 wget     CALL  recvfrom(0x4,0x801e68000,0x1ff,0x2<MSG_PEEK>,0,0)
  2512 wget     RET   recvfrom 511/0x1ff
  2512 wget     CALL  read(0x4,0x801e68000,0x1ff)
  2512 wget     RET   read 511/0x1ff
  2512 wget     CALL  select(0x5,0x7fffffffdf20,0,0,0x7fffffffdf10)
  2512 wget     RET   select 1
  2512 wget     CALL  recvfrom(0x4,0x801e625ff,0x200,0x2<MSG_PEEK>,0,0)
  2512 wget     RET   recvfrom 512/0x200
  2512 wget     CALL  read(0x4,0x801e625ff,0x7e)
  2512 wget     RET   read 126/0x7e
  2512 wget     CALL  write(0x2,0x7fffffffdec0,0x7)
  2512 wget     RET   write 7
  2512 wget     CALL  issetugid
  2512 wget     RET   issetugid 0
  2512 wget     CALL  open(0x801e45500,0<O_RDONLY>,<unused>0)
  2512 wget     RET   open 5
  2512 wget     CALL  fstat(0x5,0x7fffffffdab8)
  2512 wget     RET   fstat 0
  2512 wget     CALL  read(0x5,0x801e6f580,0xa1e8)
  2512 wget     RET   read 118/0x76
  2512 wget     CALL  close(0x5)
  2512 wget     RET   close 0
  2512 wget     CALL  issetugid
  2512 wget     RET   issetugid 0
  2512 wget     CALL  open(0x801e45500,0<O_RDONLY>,<unused>0)
  2512 wget     RET   open 5
  2512 wget     CALL  fstat(0x5,0x7fffffffd8e8)
  2512 wget     RET   fstat 0
  2512 wget     CALL  read(0x5,0x801e7cf80,0xa1e8)
  2512 wget     RET   read 3519/0xdbf
  2512 wget     CALL  close(0x5)
  2512 wget     RET   close 0
  2512 wget     CALL  close(0x3)
  2512 wget     RET   close 0
  2512 wget     CALL  stat(0x801e18120,0x7fffffffdf28)
  2512 wget     RET   stat -1 errno 2 No such file or directory
  2512 wget     CALL  write(0x2,0x46cf93,0x8)
  2512 wget     RET   write 8
  2512 wget     CALL  write(0x2,0x46cf1b,0xb)
  2512 wget     RET   write 11/0xb
  2512 wget     CALL  write(0x2,0x7fffffffdde0,0xd)
  2512 wget     RET   write 13/0xd
  2512 wget     CALL  open(0x801e18120,0x601<O_WRONLY|O_CREAT|O_TRUNC>,0x1b6<S_IRUSR|S_IWUSR|S_IRGRP|S_IWGRP|S_IROTH|S_IWOTH>)
  2512 wget     RET   open 3
  2512 wget     CALL  openat(AT_FDCWD,0x801e16200,0x100<O_NOFOLLOW>,<unused>0)
  2512 wget     RET   openat 5
  2512 wget     CALL  fcntl(0x5,F_GETFL,0)
  2512 wget     RET   fcntl 0
  2512 wget     CALL  fstat(0x5,0x7fffffffdb98)
  2512 wget     RET   fstat 0
  2512 wget     CALL  read(0x5,0x801e24000,0x1000)
  2512 wget     RET   read 643/0x283
  2512 wget     CALL  read(0x5,0x801e24000,0x1000)
  2512 wget     RET   read 0
  2512 wget     CALL  close(0x5)
  2512 wget     RET   close 0
  2512 wget     CALL  write(0x2,0x7fffffffdde0,0x18)
  2512 wget     RET   write 24/0x18
  2512 wget     CALL  ioctl(0x2,TIOCGWINSZ,0x7fffffffdda0)
  2512 wget     RET   ioctl 0
  2512 wget     CALL  write(0x2,0x46b61e,0x1)
  2512 wget     RET   write 1
  2512 wget     CALL  write(0x2,0x4741d5,0x1)
  2512 wget     RET   write 1
  2512 wget     CALL  write(0x2,0x801e5d140,0xc7)
  2512 wget     RET   write 199/0xc7
  2512 wget     CALL  select(0x5,0x7fffffffdc80,0,0,0x7fffffffdc70)
  2512 wget     RET   select 1
  2512 wget     CALL  recvfrom(0x4,0x801e15080,0x7f,0x2<MSG_PEEK>,0,0)
  2512 wget     RET   recvfrom 127/0x7f
  2512 wget     CALL  read(0x4,0x801e15080,0x6)
  2512 wget     RET   read 6
  2512 wget     CALL  select(0x5,0x7fffffffdcf0,0,0,0x7fffffffdce0)
  2512 wget     RET   select 1
  2512 wget     CALL  read(0x4,0x801e77000,0x2000)
  2512 wget     RET   read 8192/0x2000
  2512 wget     CALL  fstat(0x3,0x7fffffffdc68)
  2512 wget     RET   fstat 0
  2512 wget     CALL  write(0x3,0x801e77000,0x1000)
  2512 wget     RET   write 4096/0x1000
  2512 wget     CALL  write(0x3,0x801e78000,0x1000)
  2512 wget     RET   write 4096/0x1000
  2512 wget     CALL  select(0x5,0x7fffffffdcf0,0,0,0x7fffffffdce0)
  2512 wget     RET   select 1
  2512 wget     CALL  read(0x4,0x801e77000,0xe57)
  2512 wget     RET   read 3671/0xe57
  2512 wget     CALL  write(0x3,0x801e24000,0xe57)
  2512 wget     RET   write 3671/0xe57
  2512 wget     CALL  select(0x5,0x7fffffffdc80,0,0,0x7fffffffdc70)
  2512 wget     RET   select 1
  2512 wget     CALL  recvfrom(0x4,0x801e15080,0x7f,0x2<MSG_PEEK>,0,0)
  2512 wget     RET   recvfrom 7
  2512 wget     CALL  read(0x4,0x801e15080,0x2)
  2512 wget     RET   read 2
  2512 wget     CALL  write(0x2,0x4741d5,0x1)
  2512 wget     RET   write 1
  2512 wget     CALL  write(0x2,0x801e5d140,0xc7)
  2512 wget     RET   write 199/0xc7
  2512 wget     CALL  select(0x5,0x7fffffffdc80,0,0,0x7fffffffdc70)
  2512 wget     RET   select 1
  2512 wget     CALL  recvfrom(0x4,0x801e15080,0x7f,0x2<MSG_PEEK>,0,0)
  2512 wget     RET   recvfrom 5
  2512 wget     CALL  read(0x4,0x801e15080,0x3)
  2512 wget     RET   read 3
  2512 wget     CALL  select(0x5,0x7fffffffdc80,0,0,0x7fffffffdc70)
  2512 wget     RET   select 1
  2512 wget     CALL  recvfrom(0x4,0x801e15080,0x7f,0x2<MSG_PEEK>,0,0)
  2512 wget     RET   recvfrom 2
  2512 wget     CALL  read(0x4,0x801e15080,0x2)
  2512 wget     RET   read 2
  2512 wget     CALL  write(0x2,0x4741d5,0x1)
  2512 wget     RET   write 1
  2512 wget     CALL  write(0x2,0x801e5d140,0xc7)
  2512 wget     RET   write 199/0xc7
  2512 wget     CALL  write(0x2,0x46b61e,0x1)
  2512 wget     RET   write 1
  2512 wget     CALL  write(0x2,0x46b61e,0x1)
  2512 wget     RET   write 1
  2512 wget     CALL  close(0x3)
  2512 wget     RET   close 0
  2512 wget     CALL  write(0x2,0x7fffffffe430,0x3e)
  2512 wget     RET   write 62/0x3e
  2512 wget     CALL  sigprocmask(SIG_BLOCK,0x80089f6f8,0x7fffffffe810)
  2512 wget     RET   sigprocmask 0
  2512 wget     CALL  sigprocmask(SIG_SETMASK,0x80089f708,0)
  2512 wget     RET   sigprocmask 0
  2512 wget     CALL  sigprocmask(SIG_BLOCK,0x80089f6f8,0x7fffffffe380)
  2512 wget     RET   sigprocmask 0
  2512 wget     CALL  sigprocmask(SIG_SETMASK,0x80089f708,0)
  2512 wget     RET   sigprocmask 0
  2512 wget     CALL  sigprocmask(SIG_BLOCK,0x80089f6f8,0x7fffffffe380)
  2512 wget     RET   sigprocmask 0
  2512 wget     CALL  sigprocmask(SIG_SETMASK,0x80089f708,0)
  2512 wget     RET   sigprocmask 0
  2512 wget     CALL  sigprocmask(SIG_BLOCK,0x80089f6f8,0x7fffffffe380)
  2512 wget     RET   sigprocmask 0
  2512 wget     CALL  sigprocmask(SIG_SETMASK,0x80089f708,0)
  2512 wget     RET   sigprocmask 0
  2512 wget     CALL  sigprocmask(SIG_BLOCK,0x80089f6f8,0x7fffffffe380)
  2512 wget     RET   sigprocmask 0
  2512 wget     CALL  sigprocmask(SIG_SETMASK,0x80089f708,0)
  2512 wget     RET   sigprocmask 0
  2512 wget     CALL  sigprocmask(SIG_BLOCK,0x80089f6f8,0x7fffffffe380)
  2512 wget     RET   sigprocmask 0
  2512 wget     CALL  sigprocmask(SIG_SETMASK,0x80089f708,0)
  2512 wget     RET   sigprocmask 0
  2512 wget     CALL  sigprocmask(SIG_BLOCK,0x80089f6f8,0x7fffffffe380)
  2512 wget     RET   sigprocmask 0
  2512 wget     CALL  sigprocmask(SIG_SETMASK,0x80089f708,0)
  2512 wget     RET   sigprocmask 0
  2512 wget     CALL  sigprocmask(SIG_BLOCK,0x80089f6f8,0x7fffffffe380)
  2512 wget     RET   sigprocmask 0
  2512 wget     CALL  sigprocmask(SIG_SETMASK,0x80089f708,0)
  2512 wget     RET   sigprocmask 0
  2512 wget     CALL  sigprocmask(SIG_BLOCK,0x80089f6f8,0x7fffffffe380)
  2512 wget     RET   sigprocmask 0
  2512 wget     CALL  sigprocmask(SIG_SETMASK,0x80089f708,0)
  2512 wget     RET   sigprocmask 0
  2512 wget     CALL  sigprocmask(SIG_BLOCK,0x80089f6f8,0x7fffffffe380)
  2512 wget     RET   sigprocmask 0
  2512 wget     CALL  sigprocmask(SIG_SETMASK,0x80089f708,0)
  2512 wget     RET   sigprocmask 0
  2512 wget     CALL  sigprocmask(SIG_BLOCK,0x80089f6f8,0x7fffffffe380)
  2512 wget     RET   sigprocmask 0
  2512 wget     CALL  sigprocmask(SIG_SETMASK,0x80089f708,0)
  2512 wget     RET   sigprocmask 0
  2512 wget     CALL  exit(0)
